Watching for file changes with StatReloader
Received callback with CheckoutRequestID: ws_CO_01052025114250188712345678
Found payment: 1 for order: 1
Updated payment status to: successful
Bad Request: /api/payments/
Watching for file changes with StatReloader
C:\Users\Administrator\OneDrive\Documents\STUDIES\PERSONAL\WEB DEVELOPMENT\PROJECTS\Muindi-Mwesi-app\MM-backend\products\permissions.py changed, reloading.
Watching for file changes with StatReloader
C:\Users\Administrator\OneDrive\Documents\STUDIES\PERSONAL\WEB DEVELOPMENT\PROJECTS\Muindi-Mwesi-app\MM-backend\delivery\serializers.py changed, reloading.
Watching for file changes with StatReloader
C:\Users\Administrator\OneDrive\Documents\STUDIES\PERSONAL\WEB DEVELOPMENT\PROJECTS\Muindi-Mwesi-app\MM-backend\delivery\serializers.py changed, reloading.
Watching for file changes with StatReloader
C:\Users\Administrator\OneDrive\Documents\STUDIES\PERSONAL\WEB DEVELOPMENT\PROJECTS\Muindi-Mwesi-app\MM-backend\delivery\serializers.py changed, reloading.
Watching for file changes with StatReloader
C:\Users\Administrator\OneDrive\Documents\STUDIES\PERSONAL\WEB DEVELOPMENT\PROJECTS\Muindi-Mwesi-app\MM-backend\delivery\serializers.py changed, reloading.
Watching for file changes with StatReloader
C:\Users\Administrator\OneDrive\Documents\STUDIES\PERSONAL\WEB DEVELOPMENT\PROJECTS\Muindi-Mwesi-app\MM-backend\delivery\serializers.py changed, reloading.
Watching for file changes with StatReloader
C:\Users\Administrator\OneDrive\Documents\STUDIES\PERSONAL\WEB DEVELOPMENT\PROJECTS\Muindi-Mwesi-app\MM-backend\delivery\serializers.py changed, reloading.
Watching for file changes with StatReloader
C:\Users\Administrator\OneDrive\Documents\STUDIES\PERSONAL\WEB DEVELOPMENT\PROJECTS\Muindi-Mwesi-app\MM-backend\users\models.py changed, reloading.
Watching for file changes with StatReloader
C:\Users\Administrator\OneDrive\Documents\STUDIES\PERSONAL\WEB DEVELOPMENT\PROJECTS\Muindi-Mwesi-app\MM-backend\users\models.py changed, reloading.
Watching for file changes with StatReloader
Watching for file changes with StatReloader
Bad Request: /api/deliveries/
C:\Users\Administrator\OneDrive\Documents\STUDIES\PERSONAL\WEB DEVELOPMENT\PROJECTS\Muindi-Mwesi-app\MM-backend\delivery\views.py changed, reloading.
Watching for file changes with StatReloader
Watching for file changes with StatReloader
Watching for file changes with StatReloader
Watching for file changes with StatReloader
C:\Users\Administrator\OneDrive\Documents\STUDIES\PERSONAL\WEB DEVELOPMENT\PROJECTS\Muindi-Mwesi-app\MM-backend\backend\settings.py changed, reloading.
Watching for file changes with StatReloader
Watching for file changes with StatReloader
Watching for file changes with StatReloader
Watching for file changes with StatReloader
Watching for file changes with StatReloader
Watching for file changes with StatReloader
C:\Users\Administrator\OneDrive\Documents\STUDIES\PERSONAL\WEB DEVELOPMENT\PROJECTS\Muindi-Mwesi-app\MM-backend\backend\urls.py changed, reloading.
Watching for file changes with StatReloader
C:\Users\Administrator\OneDrive\Documents\STUDIES\PERSONAL\WEB DEVELOPMENT\PROJECTS\Muindi-Mwesi-app\MM-backend\backend\urls.py changed, reloading.
Watching for file changes with StatReloader
C:\Users\Administrator\OneDrive\Documents\STUDIES\PERSONAL\WEB DEVELOPMENT\PROJECTS\Muindi-Mwesi-app\MM-backend\backend\urls.py changed, reloading.
Watching for file changes with StatReloader
C:\Users\Administrator\OneDrive\Documents\STUDIES\PERSONAL\WEB DEVELOPMENT\PROJECTS\Muindi-Mwesi-app\MM-backend\backend\urls.py changed, reloading.
Watching for file changes with StatReloader
C:\Users\Administrator\OneDrive\Documents\STUDIES\PERSONAL\WEB DEVELOPMENT\PROJECTS\Muindi-Mwesi-app\MM-backend\backend\urls.py changed, reloading.
Watching for file changes with StatReloader
C:\Users\Administrator\OneDrive\Documents\STUDIES\PERSONAL\WEB DEVELOPMENT\PROJECTS\Muindi-Mwesi-app\MM-backend\backend\urls.py changed, reloading.
Watching for file changes with StatReloader
C:\Users\Administrator\OneDrive\Documents\STUDIES\PERSONAL\WEB DEVELOPMENT\PROJECTS\Muindi-Mwesi-app\MM-backend\backend\urls.py changed, reloading.
Watching for file changes with StatReloader
C:\Users\Administrator\OneDrive\Documents\STUDIES\PERSONAL\WEB DEVELOPMENT\PROJECTS\Muindi-Mwesi-app\MM-backend\backend\urls.py changed, reloading.
Watching for file changes with StatReloader
C:\Users\Administrator\OneDrive\Documents\STUDIES\PERSONAL\WEB DEVELOPMENT\PROJECTS\Muindi-Mwesi-app\MM-backend\users\urls.py changed, reloading.
Watching for file changes with StatReloader
C:\Users\Administrator\OneDrive\Documents\STUDIES\PERSONAL\WEB DEVELOPMENT\PROJECTS\Muindi-Mwesi-app\MM-backend\users\urls.py changed, reloading.
Watching for file changes with StatReloader
C:\Users\Administrator\OneDrive\Documents\STUDIES\PERSONAL\WEB DEVELOPMENT\PROJECTS\Muindi-Mwesi-app\MM-backend\users\urls.py changed, reloading.
Watching for file changes with StatReloader
Watching for file changes with StatReloader
Bad Request: /api/users/google/
Watching for file changes with StatReloader
Bad Request: /api/users/google/
C:\Users\Administrator\OneDrive\Documents\STUDIES\PERSONAL\WEB DEVELOPMENT\PROJECTS\Muindi-Mwesi-app\MM-backend\users\views.py changed, reloading.
Watching for file changes with StatReloader
C:\Users\Administrator\OneDrive\Documents\STUDIES\PERSONAL\WEB DEVELOPMENT\PROJECTS\Muindi-Mwesi-app\MM-backend\users\views.py changed, reloading.
Watching for file changes with StatReloader
Watching for file changes with StatReloader
Bad Request: /api/users/google/
C:\Users\Administrator\OneDrive\Documents\STUDIES\PERSONAL\WEB DEVELOPMENT\PROJECTS\Muindi-Mwesi-app\MM-backend\users\views.py changed, reloading.
Watching for file changes with StatReloader
Watching for file changes with StatReloader
Bad Request: /api/users/google/
Watching for file changes with StatReloader
Bad Request: /api/users/google/
Unauthorized: /api/users/login/
Unauthorized: /api/users/login/
Unauthorized: /api/users/login/
Bad Request: /api/users/google/
Unauthorized: /api/users/login/
Watching for file changes with StatReloader
Not Found: /
Not Found: /favicon.ico
Watching for file changes with StatReloader
C:\Users\Administrator\OneDrive\Documents\STUDIES\PERSONAL\WEB DEVELOPMENT\PROJECTS\Muindi-Mwesi-app\MM-backend\backend\settings.py changed, reloading.
Watching for file changes with StatReloader
C:\Users\Administrator\OneDrive\Documents\STUDIES\PERSONAL\WEB DEVELOPMENT\PROJECTS\Muindi-Mwesi-app\MM-backend\backend\settings.py changed, reloading.
Watching for file changes with StatReloader
Bad Request: /api/users/google/
C:\Users\Administrator\OneDrive\Documents\STUDIES\PERSONAL\WEB DEVELOPMENT\PROJECTS\Muindi-Mwesi-app\MM-backend\users\views.py changed, reloading.
Watching for file changes with StatReloader
C:\Users\Administrator\OneDrive\Documents\STUDIES\PERSONAL\WEB DEVELOPMENT\PROJECTS\Muindi-Mwesi-app\MM-backend\users\views.py changed, reloading.
Watching for file changes with StatReloader
C:\Users\Administrator\OneDrive\Documents\STUDIES\PERSONAL\WEB DEVELOPMENT\PROJECTS\Muindi-Mwesi-app\MM-backend\users\views.py changed, reloading.
Watching for file changes with StatReloader
C:\Users\Administrator\OneDrive\Documents\STUDIES\PERSONAL\WEB DEVELOPMENT\PROJECTS\Muindi-Mwesi-app\MM-backend\backend\settings.py changed, reloading.
Watching for file changes with StatReloader
C:\Users\Administrator\OneDrive\Documents\STUDIES\PERSONAL\WEB DEVELOPMENT\PROJECTS\Muindi-Mwesi-app\MM-backend\backend\settings.py changed, reloading.
Watching for file changes with StatReloader
C:\Users\Administrator\OneDrive\Documents\STUDIES\PERSONAL\WEB DEVELOPMENT\PROJECTS\Muindi-Mwesi-app\MM-backend\backend\settings.py changed, reloading.
Watching for file changes with StatReloader
Watching for file changes with StatReloader
Bad Request: /api/users/google/
C:\Users\Administrator\OneDrive\Documents\STUDIES\PERSONAL\WEB DEVELOPMENT\PROJECTS\Muindi-Mwesi-app\MM-backend\users\views.py changed, reloading.
Watching for file changes with StatReloader
C:\Users\Administrator\OneDrive\Documents\STUDIES\PERSONAL\WEB DEVELOPMENT\PROJECTS\Muindi-Mwesi-app\MM-backend\users\views.py changed, reloading.
Watching for file changes with StatReloader
C:\Users\Administrator\OneDrive\Documents\STUDIES\PERSONAL\WEB DEVELOPMENT\PROJECTS\Muindi-Mwesi-app\MM-backend\users\views.py changed, reloading.
Watching for file changes with StatReloader
Unauthorized: /api/users/login/
Unauthorized: /api/users/login/
Unauthorized: /api/users/login/
C:\Users\Administrator\OneDrive\Documents\STUDIES\PERSONAL\WEB DEVELOPMENT\PROJECTS\Muindi-Mwesi-app\MM-backend\backend\settings.py changed, reloading.
Watching for file changes with StatReloader
C:\Users\Administrator\OneDrive\Documents\STUDIES\PERSONAL\WEB DEVELOPMENT\PROJECTS\Muindi-Mwesi-app\MM-backend\users\models.py changed, reloading.
Watching for file changes with StatReloader
Watching for file changes with StatReloader
Watching for file changes with StatReloader
"OPTIONS /api/users/google/ HTTP/1.1" 500 59
C:\Users\Administrator\OneDrive\Documents\STUDIES\PERSONAL\WEB DEVELOPMENT\PROJECTS\Muindi-Mwesi-app\MM-backend\backend\settings.py changed, reloading.
Watching for file changes with StatReloader
Watching for file changes with StatReloader
"OPTIONS /api/users/google/ HTTP/1.1" 200 0
Request data: {'code': '4/0Ab_5qllvtwEnE8Wnril4BnNcSrZoCYABSMhJnobcvBmnZKZdvVi6k7MWKehaP9c921IISg'}
Received code: 4/0Ab_5qllvtwEnE8Wnril4BnNcSrZoCYABSMhJnobcvBmnZKZdvVi6k7MWKehaP9c921IISg
Loading social auth strategy...
Backend loaded: google-oauth2
Backend config - Client ID: 268798045689-i79dke9fhtqb4hmv4okk1gditsb49efi.apps.googleusercontent.com
Using redirect URI: http://localhost:5173/auth/google/callback
Attempting code exchange with Google...
Code exchange failed: AuthMissingParameter: Missing needed parameter state
Traceback (most recent call last):
  File "C:\Users\Administrator\OneDrive\Documents\STUDIES\PERSONAL\WEB DEVELOPMENT\PROJECTS\Muindi-Mwesi-app\MM-backend\users\views.py", line 107, in post
    user = backend.complete(request=request, code=code)
  File "C:\Users\Administrator\OneDrive\Documents\STUDIES\PERSONAL\WEB DEVELOPMENT\PROJECTS\Muindi-Mwesi-app\MM-backend\env\Lib\site-packages\social_core\backends\base.py", line 46, in complete
    return self.auth_complete(*args, **kwargs)
           ~~~~~~~~~~~~~~~~~~^^^^^^^^^^^^^^^^^
  File "C:\Users\Administrator\OneDrive\Documents\STUDIES\PERSONAL\WEB DEVELOPMENT\PROJECTS\Muindi-Mwesi-app\MM-backend\env\Lib\site-packages\social_core\utils.py", line 235, in wrapper
    return func(*args, **kwargs)
  File "C:\Users\Administrator\OneDrive\Documents\STUDIES\PERSONAL\WEB DEVELOPMENT\PROJECTS\Muindi-Mwesi-app\MM-backend\env\Lib\site-packages\social_core\backends\oauth.py", line 434, in auth_complete
    state = self.validate_state()
  File "C:\Users\Administrator\OneDrive\Documents\STUDIES\PERSONAL\WEB DEVELOPMENT\PROJECTS\Muindi-Mwesi-app\MM-backend\env\Lib\site-packages\social_core\backends\oauth.py", line 108, in validate_state
    raise AuthMissingParameter(self, "state")
social_core.exceptions.AuthMissingParameter: Missing needed parameter state
Bad Request: /api/users/google/
"POST /api/users/google/ HTTP/1.1" 400 64
C:\Users\Administrator\OneDrive\Documents\STUDIES\PERSONAL\WEB DEVELOPMENT\PROJECTS\Muindi-Mwesi-app\MM-backend\users\views.py changed, reloading.
Watching for file changes with StatReloader
Request data: {'code': '4/0Ab_5qlkHfmiehYnp_HBB-pxrasIN0ifhYrgjUSrNdqcleGJn6zpBm_8XrPnZQ1Mv4gBx-Q'}
Received code: 4/0Ab_5qlkHfmiehYnp_HBB-pxrasIN0ifhYrgjUSrNdqcleGJn6zpBm_8XrPnZQ1Mv4gBx-Q, state: None
Invalid or missing state parameter
Bad Request: /api/users/google/
"POST /api/users/google/ HTTP/1.1" 400 49
C:\Users\Administrator\OneDrive\Documents\STUDIES\PERSONAL\WEB DEVELOPMENT\PROJECTS\Muindi-Mwesi-app\MM-backend\users\views.py changed, reloading.
Watching for file changes with StatReloader
Watching for file changes with StatReloader
Request data: {'code': '4/0Ab_5qlkm_mG8NItbNOtsf-e_OlXNwJTubUf6IPHs1MBy2tXobVfI8bUZeTrmzTfJz8JBVg', 'state': 'a6eca4a3206da72460710459a50f8ff8'}
Received code: 4/0Ab_5qlkm_mG8NItbNOtsf-e_OlXNwJTubUf6IPHs1MBy2tXobVfI8bUZeTrmzTfJz8JBVg, state: a6eca4a3206da72460710459a50f8ff8
Loading social auth strategy...
Backend loaded: google-oauth2
Backend config - Client ID: 268798045689-i79dke9fhtqb4hmv4okk1gditsb49efi.apps.googleusercontent.com
Using redirect URI: http://localhost:5173/auth/google/callback
Attempting code exchange with Google...
Code exchange failed: AuthMissingParameter: Missing needed parameter state
Traceback (most recent call last):
  File "C:\Users\Administrator\OneDrive\Documents\STUDIES\PERSONAL\WEB DEVELOPMENT\PROJECTS\Muindi-Mwesi-app\MM-backend\users\views.py", line 113, in post
    user = backend.complete(request=request, code=code, state=state)
  File "C:\Users\Administrator\OneDrive\Documents\STUDIES\PERSONAL\WEB DEVELOPMENT\PROJECTS\Muindi-Mwesi-app\MM-backend\env\Lib\site-packages\social_core\backends\base.py", line 46, in complete
    return self.auth_complete(*args, **kwargs)
           ~~~~~~~~~~~~~~~~~~^^^^^^^^^^^^^^^^^
  File "C:\Users\Administrator\OneDrive\Documents\STUDIES\PERSONAL\WEB DEVELOPMENT\PROJECTS\Muindi-Mwesi-app\MM-backend\env\Lib\site-packages\social_core\utils.py", line 235, in wrapper
    return func(*args, **kwargs)
  File "C:\Users\Administrator\OneDrive\Documents\STUDIES\PERSONAL\WEB DEVELOPMENT\PROJECTS\Muindi-Mwesi-app\MM-backend\env\Lib\site-packages\social_core\backends\oauth.py", line 434, in auth_complete
    state = self.validate_state()
  File "C:\Users\Administrator\OneDrive\Documents\STUDIES\PERSONAL\WEB DEVELOPMENT\PROJECTS\Muindi-Mwesi-app\MM-backend\env\Lib\site-packages\social_core\backends\oauth.py", line 108, in validate_state
    raise AuthMissingParameter(self, "state")
social_core.exceptions.AuthMissingParameter: Missing needed parameter state
Bad Request: /api/users/google/
"POST /api/users/google/ HTTP/1.1" 400 64
C:\Users\Administrator\OneDrive\Documents\STUDIES\PERSONAL\WEB DEVELOPMENT\PROJECTS\Muindi-Mwesi-app\MM-backend\backend\settings.py changed, reloading.
Watching for file changes with StatReloader
C:\Users\Administrator\OneDrive\Documents\STUDIES\PERSONAL\WEB DEVELOPMENT\PROJECTS\Muindi-Mwesi-app\MM-backend\users\views.py changed, reloading.
Watching for file changes with StatReloader
Request data: {'code': '4/0Ab_5qlkSMf80YprvHRmz1x6ArGCN82w_SKEaTeOdROhKkin3-P0RsBTOUjBGX55u2STrmg', 'state': 'b69ea886de6e65b95599b10a9f1dcf20'}
Received code: 4/0Ab_5qlkSMf80YprvHRmz1x6ArGCN82w_SKEaTeOdROhKkin3-P0RsBTOUjBGX55u2STrmg, state: b69ea886de6e65b95599b10a9f1dcf20
Loading social auth strategy...
Backend loaded: google-oauth2
Backend config - Client ID: 268798045689-i79dke9fhtqb4hmv4okk1gditsb49efi.apps.googleusercontent.com
Using redirect URI: http://localhost:5173/auth/google/callback
Attempting code exchange with Google...
Code exchange failed: AuthMissingParameter: Missing needed parameter state
Traceback (most recent call last):
  File "C:\Users\Administrator\OneDrive\Documents\STUDIES\PERSONAL\WEB DEVELOPMENT\PROJECTS\Muindi-Mwesi-app\MM-backend\users\views.py", line 107, in post
    user = backend.complete(request=request, code=code)
  File "C:\Users\Administrator\OneDrive\Documents\STUDIES\PERSONAL\WEB DEVELOPMENT\PROJECTS\Muindi-Mwesi-app\MM-backend\env\Lib\site-packages\social_core\backends\base.py", line 46, in complete
    return self.auth_complete(*args, **kwargs)
           ~~~~~~~~~~~~~~~~~~^^^^^^^^^^^^^^^^^
  File "C:\Users\Administrator\OneDrive\Documents\STUDIES\PERSONAL\WEB DEVELOPMENT\PROJECTS\Muindi-Mwesi-app\MM-backend\env\Lib\site-packages\social_core\utils.py", line 235, in wrapper
    return func(*args, **kwargs)
  File "C:\Users\Administrator\OneDrive\Documents\STUDIES\PERSONAL\WEB DEVELOPMENT\PROJECTS\Muindi-Mwesi-app\MM-backend\env\Lib\site-packages\social_core\backends\oauth.py", line 434, in auth_complete
    state = self.validate_state()
  File "C:\Users\Administrator\OneDrive\Documents\STUDIES\PERSONAL\WEB DEVELOPMENT\PROJECTS\Muindi-Mwesi-app\MM-backend\env\Lib\site-packages\social_core\backends\oauth.py", line 108, in validate_state
    raise AuthMissingParameter(self, "state")
social_core.exceptions.AuthMissingParameter: Missing needed parameter state
Bad Request: /api/users/google/
"POST /api/users/google/ HTTP/1.1" 400 64
C:\Users\Administrator\OneDrive\Documents\STUDIES\PERSONAL\WEB DEVELOPMENT\PROJECTS\Muindi-Mwesi-app\MM-backend\users\views.py changed, reloading.
Watching for file changes with StatReloader
C:\Users\Administrator\OneDrive\Documents\STUDIES\PERSONAL\WEB DEVELOPMENT\PROJECTS\Muindi-Mwesi-app\MM-backend\users\urls.py changed, reloading.
Watching for file changes with StatReloader
C:\Users\Administrator\OneDrive\Documents\STUDIES\PERSONAL\WEB DEVELOPMENT\PROJECTS\Muindi-Mwesi-app\MM-backend\users\urls.py changed, reloading.
Watching for file changes with StatReloader
Request data: {'code': '4/0Ab_5qlkpHUlHIZc805aQkHJsGRBu2yeg1slgjNq0Oj3-QcpRl5lMTDh7zCusi8TDQRka4w', 'state': '52b3dfb60002e28475fbc8c52a5d8383'}
Received code: 4/0Ab_5qlkpHUlHIZc805aQkHJsGRBu2yeg1slgjNq0Oj3-QcpRl5lMTDh7zCusi8TDQRka4w, state: 52b3dfb60002e28475fbc8c52a5d8383
Loading social auth strategy...
Backend loaded: google-oauth2
Backend config - Client ID: 268798045689-i79dke9fhtqb4hmv4okk1gditsb49efi.apps.googleusercontent.com
Using redirect URI: http://localhost:5173/auth/google/callback
Attempting code exchange with Google...
Code exchange failed: AuthMissingParameter: Missing needed parameter state
Traceback (most recent call last):
  File "C:\Users\Administrator\OneDrive\Documents\STUDIES\PERSONAL\WEB DEVELOPMENT\PROJECTS\Muindi-Mwesi-app\MM-backend\users\views.py", line 107, in post
    user = backend.complete(request=request, code=code)
  File "C:\Users\Administrator\OneDrive\Documents\STUDIES\PERSONAL\WEB DEVELOPMENT\PROJECTS\Muindi-Mwesi-app\MM-backend\env\Lib\site-packages\social_core\backends\base.py", line 46, in complete
    return self.auth_complete(*args, **kwargs)
           ~~~~~~~~~~~~~~~~~~^^^^^^^^^^^^^^^^^
  File "C:\Users\Administrator\OneDrive\Documents\STUDIES\PERSONAL\WEB DEVELOPMENT\PROJECTS\Muindi-Mwesi-app\MM-backend\env\Lib\site-packages\social_core\utils.py", line 235, in wrapper
    return func(*args, **kwargs)
  File "C:\Users\Administrator\OneDrive\Documents\STUDIES\PERSONAL\WEB DEVELOPMENT\PROJECTS\Muindi-Mwesi-app\MM-backend\env\Lib\site-packages\social_core\backends\oauth.py", line 434, in auth_complete
    state = self.validate_state()
  File "C:\Users\Administrator\OneDrive\Documents\STUDIES\PERSONAL\WEB DEVELOPMENT\PROJECTS\Muindi-Mwesi-app\MM-backend\env\Lib\site-packages\social_core\backends\oauth.py", line 108, in validate_state
    raise AuthMissingParameter(self, "state")
social_core.exceptions.AuthMissingParameter: Missing needed parameter state
Bad Request: /api/users/google/
"POST /api/users/google/ HTTP/1.1" 400 64
Unauthorized: /api/users/login/
"POST /api/users/login/ HTTP/1.1" 401 31
Watching for file changes with StatReloader
"OPTIONS /api/users/google/ HTTP/1.1" 200 0
"POST /api/users/google/ HTTP/1.1" 200 622
"POST /api/users/google/ HTTP/1.1" 200 622
Watching for file changes with StatReloader
"OPTIONS /api/users/google/ HTTP/1.1" 200 0
"POST /api/users/google/ HTTP/1.1" 200 622
Watching for file changes with StatReloader
Watching for file changes with StatReloader
Watching for file changes with StatReloader
"OPTIONS /api/products/products/?search=apple&category=groceries HTTP/1.1" 200 0
Unauthorized: /api/products/products/
"GET /api/products/products/?search=apple&category=groceries HTTP/1.1" 401 183
"OPTIONS /api/users/google/ HTTP/1.1" 200 0
"POST /api/users/google/ HTTP/1.1" 200 622
Internal Server Error: /api/products/products/
"GET /api/products/products/?search=apple&category=groceries HTTP/1.1" 500 170
"OPTIONS /api/products/?search=apple&category=groceries HTTP/1.1" 200 0
Not Found: /api/products/
"GET /api/products/?search=apple&category=groceries HTTP/1.1" 404 179
"OPTIONS /api/products/?search=&category= HTTP/1.1" 200 0
Not Found: /api/products/
"GET /api/products/?search=&category= HTTP/1.1" 404 179
C:\Users\Administrator\OneDrive\Documents\STUDIES\PERSONAL\WEB DEVELOPMENT\PROJECTS\Muindi-Mwesi-app\MM-backend\backend\urls.py changed, reloading.
Watching for file changes with StatReloader
Watching for file changes with StatReloader
"GET /api/products/?search=&category= HTTP/1.1" 200 2
"GET /api/products/?search=&category= HTTP/1.1" 200 2
"OPTIONS /api/products/ HTTP/1.1" 200 0
"GET /api/products/ HTTP/1.1" 200 2
"GET /api/products/ HTTP/1.1" 200 2
Watching for file changes with StatReloader
"POST /api/users/login/ HTTP/1.1" 200 608
"POST /api/users/login/ HTTP/1.1" 200 607
Not Found: /products/bulk-branches/
"POST /products/bulk-branches/ HTTP/1.1" 404 179
Not Found: /api/products/bulk-branches/
"POST /api/products/bulk-branches/ HTTP/1.1" 404 179
"POST /api/bulk-branches/ HTTP/1.1" 201 331
"POST /api/bulk-categories/ HTTP/1.1" 201 558
"POST /api/bulk-products/ HTTP/1.1" 201 5898
"GET /api/products/ HTTP/1.1" 200 5928
"GET /api/products/ HTTP/1.1" 200 5928
"OPTIONS /api/categories/ HTTP/1.1" 200 0
Unauthorized: /api/categories/
Unauthorized: /api/products/
"GET /api/categories/ HTTP/1.1" 401 183
"GET /api/products/ HTTP/1.1" 401 183
"OPTIONS /api/users/refresh/ HTTP/1.1" 200 0
"OPTIONS /api/users/refresh/ HTTP/1.1" 200 0
Not Found: /api/users/refresh/
Not Found: /api/users/refresh/
"POST /api/users/refresh/ HTTP/1.1" 404 179
"POST /api/users/refresh/ HTTP/1.1" 404 179
Watching for file changes with StatReloader
"GET /api/categories/ HTTP/1.1" 200 558
"GET /api/products/ HTTP/1.1" 200 5928
"GET /api/categories/ HTTP/1.1" 200 558
"GET /api/products/ HTTP/1.1" 200 5928
"GET /api/categories/ HTTP/1.1" 200 558
"GET /api/products/ HTTP/1.1" 200 5928
"GET /api/categories/ HTTP/1.1" 200 558
"GET /api/categories/ HTTP/1.1" 200 558
"GET /api/products/ HTTP/1.1" 200 5928
Watching for file changes with StatReloader
"GET /api/categories/ HTTP/1.1" 200 558
"GET /api/products/ HTTP/1.1" 200 5928
"GET /api/categories/ HTTP/1.1" 200 558
"GET /api/products/ HTTP/1.1" 200 5928
"GET /api/categories/ HTTP/1.1" 200 558
"GET /api/products/ HTTP/1.1" 200 5928
"GET /api/categories/ HTTP/1.1" 200 558
"GET /api/products/ HTTP/1.1" 200 5928
"OPTIONS /api/users/google/ HTTP/1.1" 200 0
"POST /api/users/google/ HTTP/1.1" 200 622
"OPTIONS /api/products/ HTTP/1.1" 200 0
"OPTIONS /api/categories/ HTTP/1.1" 200 0
"GET /api/categories/ HTTP/1.1" 200 558
"GET /api/products/ HTTP/1.1" 200 5928
Watching for file changes with StatReloader
"OPTIONS /api/products/ HTTP/1.1" 200 0
"OPTIONS /api/categories/ HTTP/1.1" 200 0
Unauthorized: /api/products/
Unauthorized: /api/categories/
"GET /api/products/ HTTP/1.1" 401 183
"GET /api/categories/ HTTP/1.1" 401 183
"OPTIONS /api/users/refresh/ HTTP/1.1" 200 0
"OPTIONS /api/users/refresh/ HTTP/1.1" 200 0
Not Found: /api/users/refresh/
"POST /api/users/refresh/ HTTP/1.1" 404 179
Not Found: /api/users/refresh/
"POST /api/users/refresh/ HTTP/1.1" 404 179
"OPTIONS /api/users/google/ HTTP/1.1" 200 0
"POST /api/users/google/ HTTP/1.1" 200 622
"GET /api/categories/ HTTP/1.1" 200 558
"GET /api/products/ HTTP/1.1" 200 5928
"GET /api/products/ HTTP/1.1" 200 5928
- Broken pipe from ('127.0.0.1', 62912)
- Broken pipe from ('127.0.0.1', 62913)
"GET /api/products/ HTTP/1.1" 200 5928
"GET /api/products/ HTTP/1.1" 200 5928
"GET /api/products/ HTTP/1.1" 200 5928
"GET /api/products/ HTTP/1.1" 200 5928
"GET /api/products/ HTTP/1.1" 200 5928
- Broken pipe from ('127.0.0.1', 62969)
"GET /api/products/ HTTP/1.1" 200 5928
- Broken pipe from ('127.0.0.1', 63760)
- Broken pipe from ('127.0.0.1', 63990)
"GET /api/products/ HTTP/1.1" 200 5928
"GET /api/products/ HTTP/1.1" 200 5928
"GET /api/products/ HTTP/1.1" 200 5928
"GET /api/products/ HTTP/1.1" 200 5928
"GET /api/products/ HTTP/1.1" 200 5928
"OPTIONS /api/products/15/ HTTP/1.1" 200 0
"GET /api/products/15/ HTTP/1.1" 200 380
Unauthorized: /api/products/15/
"GET /api/products/15/ HTTP/1.1" 401 183
Not Found: /api/users/refresh/
"POST /api/users/refresh/ HTTP/1.1" 404 179
"POST /api/users/google/ HTTP/1.1" 200 622
"GET /api/categories/ HTTP/1.1" 200 558
"GET /api/products/ HTTP/1.1" 200 5928
"OPTIONS /api/products/14/ HTTP/1.1" 200 0
"GET /api/products/14/ HTTP/1.1" 200 389
"GET /api/products/14/ HTTP/1.1" 200 389
"POST /api/users/login/ HTTP/1.1" 200 607
"GET /api/categories/ HTTP/1.1" 200 558
"GET /api/categories/1/ HTTP/1.1" 200 114
C:\Users\Administrator\OneDrive\Documents\STUDIES\PERSONAL\WEB DEVELOPMENT\PROJECTS\Muindi-Mwesi-app\MM-backend\products\views.py changed, reloading.
Watching for file changes with StatReloader
C:\Users\Administrator\OneDrive\Documents\STUDIES\PERSONAL\WEB DEVELOPMENT\PROJECTS\Muindi-Mwesi-app\MM-backend\products\views.py changed, reloading.
Watching for file changes with StatReloader
"GET /api/categories/1/ HTTP/1.1" 200 114
"GET /api/categories/2/ HTTP/1.1" 200 122
"GET /admin/ HTTP/1.1" 302 0
"GET /admin/login/?next=/admin/ HTTP/1.1" 200 4184
Not Found: /static/admin/css/base.css
"GET /static/admin/css/base.css HTTP/1.1" 404 179
Not Found: /static/admin/css/dark_mode.css
Not Found: /static/admin/css/nav_sidebar.css
Not Found: /static/admin/css/login.css
Not Found: /static/admin/js/theme.js
"GET /static/admin/css/nav_sidebar.css HTTP/1.1" 404 179
"GET /static/admin/css/dark_mode.css HTTP/1.1" 404 179
Not Found: /static/admin/css/responsive.css
"GET /static/admin/css/login.css HTTP/1.1" 404 179
"GET /static/admin/js/theme.js HTTP/1.1" 404 179
"GET /static/admin/css/responsive.css HTTP/1.1" 404 179
Not Found: /static/admin/js/nav_sidebar.js
"GET /static/admin/js/nav_sidebar.js HTTP/1.1" 404 179
Not Found: /static/admin/css/nav_sidebar.css
Not Found: /static/admin/css/login.css
Not Found: /static/admin/css/responsive.css
"GET /static/admin/css/nav_sidebar.css HTTP/1.1" 404 179
"GET /static/admin/css/login.css HTTP/1.1" 404 179
"GET /static/admin/css/responsive.css HTTP/1.1" 404 179
Not Found: /favicon.ico
"GET /favicon.ico HTTP/1.1" 404 179
"GET /admin/login/?next=/admin/ HTTP/1.1" 200 4184
Not Found: /static/admin/css/nav_sidebar.css
Not Found: /static/admin/css/responsive.css
Not Found: /static/admin/css/base.css
Not Found: /static/admin/css/dark_mode.css
Not Found: /static/admin/js/theme.js
Not Found: /static/admin/css/login.css
"GET /static/admin/css/nav_sidebar.css HTTP/1.1" 404 179
"GET /static/admin/css/responsive.css HTTP/1.1" 404 179
"GET /static/admin/css/base.css HTTP/1.1" 404 179
"GET /static/admin/css/dark_mode.css HTTP/1.1" 404 179
"GET /static/admin/js/theme.js HTTP/1.1" 404 179
"GET /static/admin/css/login.css HTTP/1.1" 404 179
Not Found: /static/admin/js/nav_sidebar.js
"GET /static/admin/js/nav_sidebar.js HTTP/1.1" 404 179
Not Found: /static/admin/css/nav_sidebar.css
Not Found: /static/admin/css/login.css
Not Found: /static/admin/css/responsive.css
"GET /static/admin/css/nav_sidebar.css HTTP/1.1" 404 179
"GET /static/admin/css/login.css HTTP/1.1" 404 179
"GET /static/admin/css/responsive.css HTTP/1.1" 404 179
"POST /admin/login/?next=/admin/ HTTP/1.1" 200 4352
Not Found: /static/admin/css/responsive.css
Not Found: /static/admin/css/base.css
Not Found: /static/admin/css/dark_mode.css
Not Found: /static/admin/js/theme.js
Not Found: /static/admin/css/nav_sidebar.css
Not Found: /static/admin/css/login.css
"GET /static/admin/css/responsive.css HTTP/1.1" 404 179
"GET /static/admin/css/base.css HTTP/1.1" 404 179
"GET /static/admin/css/dark_mode.css HTTP/1.1" 404 179
"GET /static/admin/js/theme.js HTTP/1.1" 404 179
"GET /static/admin/css/nav_sidebar.css HTTP/1.1" 404 179
"GET /static/admin/css/login.css HTTP/1.1" 404 179
Not Found: /static/admin/js/nav_sidebar.js
Not Found: /static/admin/css/nav_sidebar.css
Not Found: /static/admin/css/responsive.css
Not Found: /static/admin/css/login.css
"GET /static/admin/js/nav_sidebar.js HTTP/1.1" 404 179
"GET /static/admin/css/nav_sidebar.css HTTP/1.1" 404 179
"GET /static/admin/css/responsive.css HTTP/1.1" 404 179
"GET /static/admin/css/login.css HTTP/1.1" 404 179
"POST /admin/login/?next=/admin/ HTTP/1.1" 302 0
"GET /admin/ HTTP/1.1" 200 8915
Not Found: /static/admin/css/base.css
Not Found: /static/admin/css/dark_mode.css
Not Found: /static/admin/css/nav_sidebar.css
Not Found: /static/admin/js/theme.js
Not Found: /static/admin/css/dashboard.css
Not Found: /static/admin/css/responsive.css
"GET /static/admin/css/base.css HTTP/1.1" 404 179
"GET /static/admin/css/dark_mode.css HTTP/1.1" 404 179
"GET /static/admin/css/nav_sidebar.css HTTP/1.1" 404 179
"GET /static/admin/js/theme.js HTTP/1.1" 404 179
"GET /static/admin/css/dashboard.css HTTP/1.1" 404 179
"GET /static/admin/css/responsive.css HTTP/1.1" 404 179
Not Found: /static/admin/js/nav_sidebar.js
"GET /static/admin/js/nav_sidebar.js HTTP/1.1" 404 179
Not Found: /static/admin/css/nav_sidebar.css
Not Found: /static/admin/css/dashboard.css
Not Found: /static/admin/css/responsive.css
"GET /static/admin/css/nav_sidebar.css HTTP/1.1" 404 179
"GET /static/admin/css/dashboard.css HTTP/1.1" 404 179
"GET /static/admin/css/responsive.css HTTP/1.1" 404 179
"GET /admin/ HTTP/1.1" 200 8915
Not Found: /static/admin/css/base.css
Not Found: /static/admin/css/dark_mode.css
Not Found: /static/admin/css/nav_sidebar.css
Not Found: /static/admin/css/dashboard.css
Not Found: /static/admin/css/responsive.css
Not Found: /static/admin/js/theme.js
"GET /static/admin/css/base.css HTTP/1.1" 404 179
"GET /static/admin/css/dark_mode.css HTTP/1.1" 404 179
"GET /static/admin/css/nav_sidebar.css HTTP/1.1" 404 179
"GET /static/admin/css/dashboard.css HTTP/1.1" 404 179
"GET /static/admin/css/responsive.css HTTP/1.1" 404 179
"GET /static/admin/js/theme.js HTTP/1.1" 404 179
Not Found: /static/admin/js/nav_sidebar.js
"GET /static/admin/js/nav_sidebar.js HTTP/1.1" 404 179
Not Found: /static/admin/css/nav_sidebar.css
Not Found: /static/admin/css/dashboard.css
Not Found: /static/admin/css/responsive.css
"GET /static/admin/css/nav_sidebar.css HTTP/1.1" 404 179
"GET /static/admin/css/dashboard.css HTTP/1.1" 404 179
"GET /static/admin/css/responsive.css HTTP/1.1" 404 179
Watching for file changes with StatReloader
"GET /admin/ HTTP/1.1" 200 8915
Not Found: /static/admin/css/nav_sidebar.css
"GET /static/admin/css/nav_sidebar.css HTTP/1.1" 404 179
Not Found: /static/admin/css/base.css
Not Found: /static/admin/css/responsive.css
Not Found: /static/admin/css/dashboard.css
"GET /static/admin/css/base.css HTTP/1.1" 404 179
"GET /static/admin/css/responsive.css HTTP/1.1" 404 179
Not Found: /static/admin/css/dark_mode.css
"GET /static/admin/css/dashboard.css HTTP/1.1" 404 179
Not Found: /static/admin/js/theme.js
"GET /static/admin/css/dark_mode.css HTTP/1.1" 404 179
"GET /static/admin/js/theme.js HTTP/1.1" 404 179
Not Found: /static/admin/js/nav_sidebar.js
Not Found: /static/admin/css/nav_sidebar.css
Not Found: /static/admin/css/responsive.css
Not Found: /static/admin/css/dashboard.css
"GET /static/admin/js/nav_sidebar.js HTTP/1.1" 404 179
"GET /static/admin/css/nav_sidebar.css HTTP/1.1" 404 179
"GET /static/admin/css/responsive.css HTTP/1.1" 404 179
"GET /static/admin/css/dashboard.css HTTP/1.1" 404 179
C:\Users\Administrator\OneDrive\Documents\STUDIES\PERSONAL\WEB DEVELOPMENT\PROJECTS\Muindi-Mwesi-app\MM-backend\backend\settings.py changed, reloading.
Watching for file changes with StatReloader
"GET /admin/ HTTP/1.1" 200 8915
Not Found: /static/admin/css/nav_sidebar.css
Not Found: /static/admin/css/base.css
"GET /static/admin/css/nav_sidebar.css HTTP/1.1" 404 179
"GET /static/admin/css/base.css HTTP/1.1" 404 179
Not Found: /static/admin/css/dark_mode.css
Not Found: /static/admin/css/dashboard.css
Not Found: /static/admin/js/theme.js
"GET /static/admin/css/dark_mode.css HTTP/1.1" 404 179
"GET /static/admin/css/dashboard.css HTTP/1.1" 404 179
Not Found: /static/admin/css/responsive.css
"GET /static/admin/js/theme.js HTTP/1.1" 404 179
"GET /static/admin/css/responsive.css HTTP/1.1" 404 179
Not Found: /static/admin/css/base.css
Not Found: /static/admin/js/nav_sidebar.js
"GET /static/admin/css/base.css HTTP/1.1" 404 179
"GET /static/admin/js/nav_sidebar.js HTTP/1.1" 404 179
Not Found: /static/admin/css/nav_sidebar.css
Not Found: /static/admin/css/dashboard.css
Not Found: /static/admin/css/responsive.css
"GET /static/admin/css/nav_sidebar.css HTTP/1.1" 404 179
"GET /static/admin/css/dashboard.css HTTP/1.1" 404 179
"GET /static/admin/css/responsive.css HTTP/1.1" 404 179
Watching for file changes with StatReloader
"GET /admin/ HTTP/1.1" 200 8915
Not Found: /static/admin/css/base.css
Not Found: /static/admin/css/dark_mode.css
"GET /static/admin/css/base.css HTTP/1.1" 404 179
"GET /static/admin/css/dark_mode.css HTTP/1.1" 404 179
Not Found: /static/admin/css/nav_sidebar.css
"GET /static/admin/css/nav_sidebar.css HTTP/1.1" 404 179
Not Found: /static/admin/css/dashboard.css
"GET /static/admin/css/dashboard.css HTTP/1.1" 404 179
Not Found: /static/admin/css/responsive.css
"GET /static/admin/css/responsive.css HTTP/1.1" 404 179
Not Found: /static/admin/js/theme.js
"GET /static/admin/js/theme.js HTTP/1.1" 404 179
Not Found: /static/admin/js/nav_sidebar.js
Not Found: /static/admin/css/nav_sidebar.css
Not Found: /static/admin/css/responsive.css
Not Found: /static/admin/css/dashboard.css
"GET /static/admin/js/nav_sidebar.js HTTP/1.1" 404 179
"GET /static/admin/css/nav_sidebar.css HTTP/1.1" 404 179
"GET /static/admin/css/responsive.css HTTP/1.1" 404 179
"GET /static/admin/css/dashboard.css HTTP/1.1" 404 179
Not Found: /
"GET / HTTP/1.1" 404 179
"GET /admin/ HTTP/1.1" 200 8915
Not Found: /static/admin/css/nav_sidebar.css
Not Found: /static/admin/css/dashboard.css
Not Found: /static/admin/css/base.css
Not Found: /static/admin/css/dark_mode.css
Not Found: /static/admin/css/responsive.css
Not Found: /static/admin/js/theme.js
"GET /static/admin/css/nav_sidebar.css HTTP/1.1" 404 179
"GET /static/admin/css/dashboard.css HTTP/1.1" 404 179
"GET /static/admin/css/base.css HTTP/1.1" 404 179
"GET /static/admin/css/dark_mode.css HTTP/1.1" 404 179
"GET /static/admin/css/responsive.css HTTP/1.1" 404 179
"GET /static/admin/js/theme.js HTTP/1.1" 404 179
Not Found: /static/admin/js/nav_sidebar.js
"GET /static/admin/js/nav_sidebar.js HTTP/1.1" 404 179
Not Found: /static/admin/css/nav_sidebar.css
"GET /static/admin/css/nav_sidebar.css HTTP/1.1" 404 179
Not Found: /static/admin/css/dashboard.css
Not Found: /static/admin/css/responsive.css
"GET /static/admin/css/dashboard.css HTTP/1.1" 404 179
"GET /static/admin/css/responsive.css HTTP/1.1" 404 179
C:\Users\Administrator\OneDrive\Documents\STUDIES\PERSONAL\WEB DEVELOPMENT\PROJECTS\Muindi-Mwesi-app\MM-backend\backend\settings.py changed, reloading.
Watching for file changes with StatReloader
Watching for file changes with StatReloader
"GET /admin/ HTTP/1.1" 200 8915
Not Found: /static/admin/css/nav_sidebar.css
"GET /static/admin/css/nav_sidebar.css HTTP/1.1" 404 179
Not Found: /static/admin/css/dashboard.css
Not Found: /static/admin/css/base.css
"GET /static/admin/css/dashboard.css HTTP/1.1" 404 179
Not Found: /static/admin/js/theme.js
Not Found: /static/admin/css/dark_mode.css
"GET /static/admin/css/base.css HTTP/1.1" 404 179
Not Found: /static/admin/css/responsive.css
"GET /static/admin/js/theme.js HTTP/1.1" 404 179
"GET /static/admin/css/dark_mode.css HTTP/1.1" 404 179
"GET /static/admin/css/responsive.css HTTP/1.1" 404 179
Not Found: /static/admin/js/nav_sidebar.js
"GET /static/admin/js/nav_sidebar.js HTTP/1.1" 404 179
Not Found: /static/admin/css/nav_sidebar.css
Not Found: /static/admin/css/responsive.css
Not Found: /static/admin/css/dashboard.css
"GET /static/admin/css/nav_sidebar.css HTTP/1.1" 404 179
"GET /static/admin/css/responsive.css HTTP/1.1" 404 179
"GET /static/admin/css/dashboard.css HTTP/1.1" 404 179
Watching for file changes with StatReloader
"GET /admin/ HTTP/1.1" 200 8915
Not Found: /static/admin/css/nav_sidebar.css
"GET /static/admin/css/nav_sidebar.css HTTP/1.1" 404 179
Not Found: /static/admin/css/responsive.css
"GET /static/admin/css/responsive.css HTTP/1.1" 404 179
Not Found: /static/admin/css/base.css
Not Found: /static/admin/css/dark_mode.css
"GET /static/admin/css/base.css HTTP/1.1" 404 179
"GET /static/admin/css/dark_mode.css HTTP/1.1" 404 179
Not Found: /static/admin/css/dashboard.css
Not Found: /static/admin/js/theme.js
"GET /static/admin/css/dashboard.css HTTP/1.1" 404 179
"GET /static/admin/js/theme.js HTTP/1.1" 404 179
Not Found: /static/admin/js/nav_sidebar.js
"GET /static/admin/js/nav_sidebar.js HTTP/1.1" 404 179
Not Found: /static/admin/css/nav_sidebar.css
Not Found: /static/admin/css/dashboard.css
Not Found: /static/admin/css/responsive.css
"GET /static/admin/css/nav_sidebar.css HTTP/1.1" 404 179
"GET /static/admin/css/dashboard.css HTTP/1.1" 404 179
"GET /static/admin/css/responsive.css HTTP/1.1" 404 179
"POST /admin/logout/ HTTP/1.1" 200 3579
Not Found: /static/admin/css/base.css
Not Found: /static/admin/css/nav_sidebar.css
Not Found: /static/admin/css/dark_mode.css
Not Found: /static/admin/js/theme.js
"GET /static/admin/css/base.css HTTP/1.1" 404 179
Not Found: /static/admin/css/responsive.css
"GET /static/admin/css/nav_sidebar.css HTTP/1.1" 404 179
"GET /static/admin/css/dark_mode.css HTTP/1.1" 404 179
"GET /static/admin/js/theme.js HTTP/1.1" 404 179
"GET /static/admin/css/responsive.css HTTP/1.1" 404 179
Not Found: /static/admin/js/nav_sidebar.js
Not Found: /static/admin/css/nav_sidebar.css
Not Found: /static/admin/css/responsive.css
"GET /static/admin/js/nav_sidebar.js HTTP/1.1" 404 179
"GET /static/admin/css/nav_sidebar.css HTTP/1.1" 404 179
"GET /static/admin/css/responsive.css HTTP/1.1" 404 179
"POST /admin/logout/ HTTP/1.1" 302 0
"GET /admin/ HTTP/1.1" 302 0
"GET /admin/login/?next=/admin/ HTTP/1.1" 200 4184
Not Found: /static/admin/css/base.css
Not Found: /static/admin/css/nav_sidebar.css
Not Found: /static/admin/css/dark_mode.css
Not Found: /static/admin/js/theme.js
Not Found: /static/admin/css/login.css
Not Found: /static/admin/css/responsive.css
"GET /static/admin/css/base.css HTTP/1.1" 404 179
"GET /static/admin/css/nav_sidebar.css HTTP/1.1" 404 179
"GET /static/admin/css/dark_mode.css HTTP/1.1" 404 179
"GET /static/admin/js/theme.js HTTP/1.1" 404 179
"GET /static/admin/css/login.css HTTP/1.1" 404 179
"GET /static/admin/css/responsive.css HTTP/1.1" 404 179
Not Found: /static/admin/js/nav_sidebar.js
"GET /static/admin/js/nav_sidebar.js HTTP/1.1" 404 179
Not Found: /static/admin/css/nav_sidebar.css
Not Found: /static/admin/css/login.css
Not Found: /static/admin/css/responsive.css
"GET /static/admin/css/nav_sidebar.css HTTP/1.1" 404 179
"GET /static/admin/css/login.css HTTP/1.1" 404 179
"GET /static/admin/css/responsive.css HTTP/1.1" 404 179
"GET /admin/ HTTP/1.1" 302 0
"GET /admin/login/?next=/admin/ HTTP/1.1" 200 4184
Not Found: /static/admin/css/base.css
"GET /static/admin/css/base.css HTTP/1.1" 404 179
Not Found: /static/admin/css/dark_mode.css
"GET /static/admin/css/dark_mode.css HTTP/1.1" 404 179
Not Found: /static/admin/css/nav_sidebar.css
"GET /static/admin/css/nav_sidebar.css HTTP/1.1" 404 179
Not Found: /static/admin/css/login.css
Not Found: /static/admin/css/responsive.css
"GET /static/admin/css/login.css HTTP/1.1" 404 179
"GET /static/admin/css/responsive.css HTTP/1.1" 404 179
Not Found: /static/admin/js/theme.js
"GET /static/admin/js/theme.js HTTP/1.1" 404 179
Not Found: /static/admin/js/nav_sidebar.js
Not Found: /static/admin/css/nav_sidebar.css
Not Found: /static/admin/css/login.css
Not Found: /static/admin/css/responsive.css
"GET /static/admin/js/nav_sidebar.js HTTP/1.1" 404 179
"GET /static/admin/css/nav_sidebar.css HTTP/1.1" 404 179
"GET /static/admin/css/login.css HTTP/1.1" 404 179
"GET /static/admin/css/responsive.css HTTP/1.1" 404 179
Not Found: /favicon.ico
"GET /favicon.ico HTTP/1.1" 404 179
"GET /admin/ HTTP/1.1" 302 0
"GET /admin/login/?next=/admin/ HTTP/1.1" 200 4184
Not Found: /static/admin/css/base.css
Not Found: /static/admin/css/dark_mode.css
Not Found: /static/admin/js/theme.js
Not Found: /static/admin/css/nav_sidebar.css
Not Found: /static/admin/css/login.css
Not Found: /static/admin/css/responsive.css
"GET /static/admin/css/base.css HTTP/1.1" 404 179
"GET /static/admin/css/dark_mode.css HTTP/1.1" 404 179
"GET /static/admin/js/theme.js HTTP/1.1" 404 179
"GET /static/admin/css/nav_sidebar.css HTTP/1.1" 404 179
"GET /static/admin/css/login.css HTTP/1.1" 404 179
"GET /static/admin/css/responsive.css HTTP/1.1" 404 179
Not Found: /static/admin/js/nav_sidebar.js
"GET /static/admin/js/nav_sidebar.js HTTP/1.1" 404 179
Not Found: /static/admin/css/nav_sidebar.css
"GET /static/admin/css/nav_sidebar.css HTTP/1.1" 404 179
Not Found: /static/admin/css/login.css
Not Found: /static/admin/css/responsive.css
"GET /static/admin/css/login.css HTTP/1.1" 404 179
"GET /static/admin/css/responsive.css HTTP/1.1" 404 179
"POST /admin/login/?next=/admin/ HTTP/1.1" 302 0
"GET /admin/ HTTP/1.1" 200 8915
Not Found: /static/admin/css/base.css
Not Found: /static/admin/css/dashboard.css
Not Found: /static/admin/css/dark_mode.css
Not Found: /static/admin/js/theme.js
Not Found: /static/admin/css/nav_sidebar.css
Not Found: /static/admin/css/responsive.css
"GET /static/admin/css/base.css HTTP/1.1" 404 179
"GET /static/admin/css/dashboard.css HTTP/1.1" 404 179
"GET /static/admin/css/dark_mode.css HTTP/1.1" 404 179
"GET /static/admin/js/theme.js HTTP/1.1" 404 179
"GET /static/admin/css/nav_sidebar.css HTTP/1.1" 404 179
"GET /static/admin/css/responsive.css HTTP/1.1" 404 179
Not Found: /static/admin/js/nav_sidebar.js
Not Found: /static/admin/css/nav_sidebar.css
Not Found: /static/admin/css/dashboard.css
Not Found: /static/admin/css/responsive.css
"GET /static/admin/js/nav_sidebar.js HTTP/1.1" 404 179
"GET /static/admin/css/nav_sidebar.css HTTP/1.1" 404 179
"GET /static/admin/css/dashboard.css HTTP/1.1" 404 179
"GET /static/admin/css/responsive.css HTTP/1.1" 404 179
Not Found: /static/admin/css/base.css
Not Found: /static/admin/css/dark_mode.css
Not Found: /static/admin/css/nav_sidebar.css
Not Found: /static/admin/css/dashboard.css
Not Found: /static/admin/css/responsive.css
"GET /static/admin/css/base.css HTTP/1.1" 404 179
"GET /static/admin/css/dark_mode.css HTTP/1.1" 404 179
"GET /static/admin/css/nav_sidebar.css HTTP/1.1" 404 179
"GET /static/admin/css/dashboard.css HTTP/1.1" 404 179
"GET /static/admin/css/responsive.css HTTP/1.1" 404 179
Not Found: /.well-known/appspecific/com.chrome.devtools.json
"GET /.well-known/appspecific/com.chrome.devtools.json HTTP/1.1" 404 179
C:\Users\Administrator\OneDrive\Documents\STUDIES\PERSONAL\WEB DEVELOPMENT\PROJECTS\Muindi-Mwesi-app\MM-backend\backend\urls.py changed, reloading.
Watching for file changes with StatReloader
C:\Users\Administrator\OneDrive\Documents\STUDIES\PERSONAL\WEB DEVELOPMENT\PROJECTS\Muindi-Mwesi-app\MM-backend\backend\urls.py changed, reloading.
Watching for file changes with StatReloader
Watching for file changes with StatReloader
"GET /admin/ HTTP/1.1" 200 8915
Not Found: /static/admin/css/base.css
Not Found: /static/admin/css/dark_mode.css
"GET /static/admin/css/dark_mode.css HTTP/1.1" 404 179
"GET /static/admin/css/base.css HTTP/1.1" 404 179
Not Found: /static/admin/css/nav_sidebar.css
Not Found: /static/admin/css/dashboard.css
"GET /static/admin/css/nav_sidebar.css HTTP/1.1" 404 179
"GET /static/admin/css/dashboard.css HTTP/1.1" 404 179
Not Found: /static/admin/css/responsive.css
Not Found: /static/admin/js/theme.js
"GET /static/admin/css/responsive.css HTTP/1.1" 404 179
"GET /static/admin/js/theme.js HTTP/1.1" 404 179
Not Found: /static/admin/js/nav_sidebar.js
"GET /static/admin/js/nav_sidebar.js HTTP/1.1" 404 179
Not Found: /static/admin/css/nav_sidebar.css
Not Found: /static/admin/css/dashboard.css
Not Found: /static/admin/css/responsive.css
"GET /static/admin/css/nav_sidebar.css HTTP/1.1" 404 179
"GET /static/admin/css/dashboard.css HTTP/1.1" 404 179
"GET /static/admin/css/responsive.css HTTP/1.1" 404 179
"POST /admin/logout/ HTTP/1.1" 200 3579
Not Found: /static/admin/css/base.css
Not Found: /static/admin/css/nav_sidebar.css
Not Found: /static/admin/css/dark_mode.css
Not Found: /static/admin/js/theme.js
Not Found: /static/admin/css/responsive.css
"GET /static/admin/css/base.css HTTP/1.1" 404 179
"GET /static/admin/css/nav_sidebar.css HTTP/1.1" 404 179
"GET /static/admin/css/dark_mode.css HTTP/1.1" 404 179
"GET /static/admin/js/theme.js HTTP/1.1" 404 179
"GET /static/admin/css/responsive.css HTTP/1.1" 404 179
Not Found: /static/admin/js/nav_sidebar.js
Not Found: /static/admin/css/nav_sidebar.css
Not Found: /static/admin/css/responsive.css
"GET /static/admin/js/nav_sidebar.js HTTP/1.1" 404 179
"GET /static/admin/css/nav_sidebar.css HTTP/1.1" 404 179
"GET /static/admin/css/responsive.css HTTP/1.1" 404 179
C:\Users\Administrator\OneDrive\Documents\STUDIES\PERSONAL\WEB DEVELOPMENT\PROJECTS\Muindi-Mwesi-app\MM-backend\backend\settings.py changed, reloading.
Watching for file changes with StatReloader
Watching for file changes with StatReloader
"POST /admin/logout/ HTTP/1.1" 302 0
"GET /admin/ HTTP/1.1" 302 0
"GET /admin/login/?next=/admin/ HTTP/1.1" 200 4184
Not Found: /static/admin/css/nav_sidebar.css
"GET /static/admin/css/nav_sidebar.css HTTP/1.1" 404 179
Not Found: /static/admin/css/login.css
"GET /static/admin/css/login.css HTTP/1.1" 404 179
Not Found: /static/admin/css/responsive.css
"GET /static/admin/css/responsive.css HTTP/1.1" 404 179
Not Found: /static/admin/css/dark_mode.css
Not Found: /static/admin/css/base.css
"GET /static/admin/css/dark_mode.css HTTP/1.1" 404 179
"GET /static/admin/css/base.css HTTP/1.1" 404 179
Not Found: /static/admin/js/theme.js
"GET /static/admin/js/theme.js HTTP/1.1" 404 179
Not Found: /static/admin/js/nav_sidebar.js
"GET /static/admin/js/nav_sidebar.js HTTP/1.1" 404 179
Not Found: /static/admin/css/nav_sidebar.css
Not Found: /static/admin/css/responsive.css
Not Found: /static/admin/css/login.css
"GET /static/admin/css/nav_sidebar.css HTTP/1.1" 404 179
"GET /static/admin/css/responsive.css HTTP/1.1" 404 179
"GET /static/admin/css/login.css HTTP/1.1" 404 179
Unauthorized: /api/categories/3/
"GET /api/categories/3/ HTTP/1.1" 401 183
"POST /api/users/login/ HTTP/1.1" 200 607
"GET /api/categories/3/ HTTP/1.1" 200 107
"GET /api/categories/4/ HTTP/1.1" 200 107
"GET /api/categories/5/ HTTP/1.1" 200 102
"OPTIONS /api/products/ HTTP/1.1" 200 0
"OPTIONS /api/categories/ HTTP/1.1" 200 0
Unauthorized: /api/products/
"GET /api/products/ HTTP/1.1" 401 183
Unauthorized: /api/categories/
"GET /api/categories/ HTTP/1.1" 401 183
"OPTIONS /api/users/refresh/ HTTP/1.1" 200 0
Not Found: /api/users/refresh/
"OPTIONS /api/users/refresh/ HTTP/1.1" 200 0
"POST /api/users/refresh/ HTTP/1.1" 404 179
Not Found: /api/users/refresh/
"POST /api/users/refresh/ HTTP/1.1" 404 179
"OPTIONS /api/users/google/ HTTP/1.1" 200 0
"POST /api/users/google/ HTTP/1.1" 200 622
"GET /api/categories/ HTTP/1.1" 200 439
"GET /api/products/ HTTP/1.1" 200 5928
"GET /api/categories/ HTTP/1.1" 200 439
"GET /api/categories/5/ HTTP/1.1" 200 102
Unauthorized: /api/users/login/
"POST /api/users/login/ HTTP/1.1" 401 31
"POST /api/users/register/ HTTP/1.1" 201 626
"GET /api/categories/5/ HTTP/1.1" 200 102
"GET /api/categories/ HTTP/1.1" 200 439
"OPTIONS /api/categories/6/ HTTP/1.1" 200 0
Not Found: /api/categories/6/
"GET /api/categories/6/ HTTP/1.1" 404 49
"OPTIONS /api/categories/4/ HTTP/1.1" 200 0
"GET /api/categories/4/ HTTP/1.1" 200 107
C:\Users\Administrator\OneDrive\Documents\STUDIES\PERSONAL\WEB DEVELOPMENT\PROJECTS\Muindi-Mwesi-app\MM-backend\products\views.py changed, reloading.
Watching for file changes with StatReloader
Bad Request: /api/categories/4/
"GET /api/categories/4/ HTTP/1.1" 400 45
Bad Request: /api/categories/4/
"GET /api/categories/4/ HTTP/1.1" 400 45
Bad Request: /api/categories/4/
"GET /api/categories/4/ HTTP/1.1" 400 45
Bad Request: /api/categories/5/
"GET /api/categories/5/ HTTP/1.1" 400 45
C:\Users\Administrator\OneDrive\Documents\STUDIES\PERSONAL\WEB DEVELOPMENT\PROJECTS\Muindi-Mwesi-app\MM-backend\products\urls.py changed, reloading.
Watching for file changes with StatReloader
C:\Users\Administrator\OneDrive\Documents\STUDIES\PERSONAL\WEB DEVELOPMENT\PROJECTS\Muindi-Mwesi-app\MM-backend\products\urls.py changed, reloading.
Watching for file changes with StatReloader
"GET /api/categories/5/ HTTP/1.1" 200 899
"GET /api/categories/4/ HTTP/1.1" 200 1294
"OPTIONS /api/products/12/ HTTP/1.1" 200 0
"GET /api/products/12/ HTTP/1.1" 200 376
"GET /api/categories/ HTTP/1.1" 200 439
"GET /api/categories/4/ HTTP/1.1" 200 1294
"GET /api/products/12/ HTTP/1.1" 200 376
"GET /api/categories/ HTTP/1.1" 200 439
"GET /api/categories/ HTTP/1.1" 200 439
"GET /api/categories/ HTTP/1.1" 200 439
"GET /api/categories/ HTTP/1.1" 200 439
"GET /api/categories/ HTTP/1.1" 200 439
"GET /api/categories/ HTTP/1.1" 200 439
"GET /api/categories/ HTTP/1.1" 200 439
"GET /api/categories/ HTTP/1.1" 200 439
C:\Users\Administrator\OneDrive\Documents\STUDIES\PERSONAL\WEB DEVELOPMENT\PROJECTS\Muindi-Mwesi-app\MM-backend\products\models.py changed, reloading.
Watching for file changes with StatReloader
C:\Users\Administrator\OneDrive\Documents\STUDIES\PERSONAL\WEB DEVELOPMENT\PROJECTS\Muindi-Mwesi-app\MM-backend\products\serializers.py changed, reloading.
Watching for file changes with StatReloader
C:\Users\Administrator\OneDrive\Documents\STUDIES\PERSONAL\WEB DEVELOPMENT\PROJECTS\Muindi-Mwesi-app\MM-backend\products\serializers.py changed, reloading.
Watching for file changes with StatReloader
Watching for file changes with StatReloader
Unauthorized: /api/categories/
"GET /api/categories/ HTTP/1.1" 401 183
Not Found: /api/users/refresh/
"POST /api/users/refresh/ HTTP/1.1" 404 179
"GET /api/categories/ HTTP/1.1" 200 439
"GET /api/categories/2/ HTTP/1.1" 200 1376
"POST /admin/login/?next=/admin/ HTTP/1.1" 302 0
"GET /admin/ HTTP/1.1" 200 8915
Not Found: /static/admin/css/nav_sidebar.css
Not Found: /static/admin/css/dashboard.css
"GET /static/admin/css/nav_sidebar.css HTTP/1.1" 404 179
"GET /static/admin/css/dashboard.css HTTP/1.1" 404 179
Not Found: /static/admin/css/responsive.css
Not Found: /static/admin/css/dark_mode.css
"GET /static/admin/css/responsive.css HTTP/1.1" 404 179
"GET /static/admin/css/dark_mode.css HTTP/1.1" 404 179
Not Found: /static/admin/css/base.css
Not Found: /static/admin/js/theme.js
"GET /static/admin/css/base.css HTTP/1.1" 404 179
"GET /static/admin/js/theme.js HTTP/1.1" 404 179
Not Found: /static/admin/css/dark_mode.css
Not Found: /static/admin/js/nav_sidebar.js
"GET /static/admin/css/dark_mode.css HTTP/1.1" 404 179
"GET /static/admin/js/nav_sidebar.js HTTP/1.1" 404 179
Not Found: /static/admin/css/nav_sidebar.css
Not Found: /static/admin/css/dashboard.css
"GET /static/admin/css/nav_sidebar.css HTTP/1.1" 404 179
"GET /static/admin/css/dashboard.css HTTP/1.1" 404 179
Not Found: /static/admin/css/responsive.css
"GET /static/admin/css/responsive.css HTTP/1.1" 404 179
"GET /admin/products/category/ HTTP/1.1" 200 14200
Not Found: /static/admin/css/nav_sidebar.css
Not Found: /static/admin/css/base.css
"GET /static/admin/css/nav_sidebar.css HTTP/1.1" 404 179
"GET /static/admin/css/base.css HTTP/1.1" 404 179
Not Found: /static/admin/css/dark_mode.css
Not Found: /static/admin/js/theme.js
"GET /static/admin/css/dark_mode.css HTTP/1.1" 404 179
"GET /static/admin/js/theme.js HTTP/1.1" 404 179
Not Found: /static/admin/css/changelists.css
Not Found: /static/admin/css/responsive.css
"GET /static/admin/css/changelists.css HTTP/1.1" 404 179
"GET /static/admin/css/responsive.css HTTP/1.1" 404 179
Not Found: /static/admin/css/nav_sidebar.css
"GET /static/admin/css/nav_sidebar.css HTTP/1.1" 404 179
Not Found: /static/admin/js/vendor/jquery/jquery.min.js
"GET /static/admin/js/vendor/jquery/jquery.min.js HTTP/1.1" 404 179
Not Found: /static/admin/js/jquery.init.js
"GET /static/admin/js/jquery.init.js HTTP/1.1" 404 179
Not Found: /static/admin/js/core.js
"GET /static/admin/js/core.js HTTP/1.1" 404 179
Not Found: /static/admin/js/admin/RelatedObjectLookups.js
"GET /static/admin/js/admin/RelatedObjectLookups.js HTTP/1.1" 404 179
Not Found: /static/admin/js/actions.js
"GET /static/admin/js/actions.js HTTP/1.1" 404 179
Not Found: /static/admin/js/urlify.js
"GET /static/admin/js/urlify.js HTTP/1.1" 404 179
Not Found: /static/admin/js/prepopulate.js
"GET /static/admin/js/prepopulate.js HTTP/1.1" 404 179
Not Found: /static/admin/js/vendor/xregexp/xregexp.min.js
"GET /static/admin/js/vendor/xregexp/xregexp.min.js HTTP/1.1" 404 179
Not Found: /static/admin/img/search.svg
"GET /static/admin/img/search.svg HTTP/1.1" 404 179
Not Found: /static/admin/js/nav_sidebar.js
"GET /static/admin/js/nav_sidebar.js HTTP/1.1" 404 179
Not Found: /static/admin/js/filters.js
"GET /static/admin/js/filters.js HTTP/1.1" 404 179
"GET /admin/jsi18n/ HTTP/1.1" 200 3342
Not Found: /static/admin/css/responsive.css
"GET /static/admin/css/responsive.css HTTP/1.1" 404 179
"GET /admin/products/category/4/change/ HTTP/1.1" 200 11360
Not Found: /static/admin/css/base.css
"GET /static/admin/css/base.css HTTP/1.1" 404 179
Not Found: /static/admin/css/dark_mode.css
"GET /static/admin/css/dark_mode.css HTTP/1.1" 404 179
Not Found: /static/admin/css/nav_sidebar.css
"GET /static/admin/css/nav_sidebar.css HTTP/1.1" 404 179
Not Found: /static/admin/css/forms.css
"GET /static/admin/css/forms.css HTTP/1.1" 404 179
Not Found: /static/admin/css/responsive.css
"GET /static/admin/css/responsive.css HTTP/1.1" 404 179
Not Found: /static/admin/js/theme.js
Not Found: /static/admin/js/vendor/jquery/jquery.min.js
Not Found: /static/admin/js/jquery.init.js
Not Found: /static/admin/js/actions.js
Not Found: /static/admin/js/urlify.js
"GET /static/admin/js/theme.js HTTP/1.1" 404 179
"GET /static/admin/js/vendor/jquery/jquery.min.js HTTP/1.1" 404 179
"GET /static/admin/js/jquery.init.js HTTP/1.1" 404 179
"GET /static/admin/js/actions.js HTTP/1.1" 404 179
"GET /static/admin/js/urlify.js HTTP/1.1" 404 179
Not Found: /static/admin/js/vendor/xregexp/xregexp.min.js
Not Found: /static/admin/js/prepopulate_init.js
Not Found: /static/admin/js/admin/RelatedObjectLookups.js
Not Found: /static/admin/js/core.js
Not Found: /static/admin/js/prepopulate.js
"GET /static/admin/js/vendor/xregexp/xregexp.min.js HTTP/1.1" 404 179
"GET /static/admin/js/prepopulate_init.js HTTP/1.1" 404 179
"GET /static/admin/js/admin/RelatedObjectLookups.js HTTP/1.1" 404 179
"GET /static/admin/js/core.js HTTP/1.1" 404 179
"GET /static/admin/js/prepopulate.js HTTP/1.1" 404 179
Not Found: /static/admin/css/nav_sidebar.css
Not Found: /static/admin/css/forms.css
"GET /static/admin/css/nav_sidebar.css HTTP/1.1" 404 179
"GET /static/admin/css/forms.css HTTP/1.1" 404 179
Not Found: /static/admin/js/nav_sidebar.js
"GET /static/admin/js/nav_sidebar.js HTTP/1.1" 404 179
Not Found: /static/admin/js/change_form.js
"GET /static/admin/js/change_form.js HTTP/1.1" 404 179
"GET /admin/jsi18n/ HTTP/1.1" 200 3342
Not Found: /static/admin/css/responsive.css
"GET /static/admin/css/responsive.css HTTP/1.1" 404 179
Not Found: /static/admin/css/base.css
Not Found: /static/admin/css/dark_mode.css
Not Found: /static/admin/css/forms.css
Not Found: /static/admin/css/responsive.css
Not Found: /static/admin/css/nav_sidebar.css
"GET /static/admin/css/base.css HTTP/1.1" 404 179
"GET /static/admin/css/dark_mode.css HTTP/1.1" 404 179
"GET /static/admin/css/forms.css HTTP/1.1" 404 179
"GET /static/admin/css/responsive.css HTTP/1.1" 404 179
"GET /static/admin/css/nav_sidebar.css HTTP/1.1" 404 179
Not Found: /.well-known/appspecific/com.chrome.devtools.json
"GET /.well-known/appspecific/com.chrome.devtools.json HTTP/1.1" 404 179
"GET /admin/products/category/4/change/ HTTP/1.1" 200 11360
Not Found: /.well-known/appspecific/com.chrome.devtools.json
Not Found: /static/admin/css/base.css
"GET /.well-known/appspecific/com.chrome.devtools.json HTTP/1.1" 404 179
"GET /static/admin/css/base.css HTTP/1.1" 404 179
Not Found: /static/admin/css/dark_mode.css
"GET /static/admin/css/dark_mode.css HTTP/1.1" 404 179
Not Found: /static/admin/css/nav_sidebar.css
"GET /static/admin/css/nav_sidebar.css HTTP/1.1" 404 179
Not Found: /static/admin/css/forms.css
Not Found: /static/admin/css/responsive.css
"GET /static/admin/css/forms.css HTTP/1.1" 404 179
"GET /static/admin/css/responsive.css HTTP/1.1" 404 179
Not Found: /static/admin/js/theme.js
Not Found: /static/admin/js/vendor/jquery/jquery.min.js
Not Found: /static/admin/js/core.js
Not Found: /static/admin/js/admin/RelatedObjectLookups.js
Not Found: /static/admin/js/jquery.init.js
"GET /static/admin/js/vendor/jquery/jquery.min.js HTTP/1.1" 404 179
"GET /static/admin/js/theme.js HTTP/1.1" 404 179
"GET /static/admin/js/core.js HTTP/1.1" 404 179
"GET /static/admin/js/admin/RelatedObjectLookups.js HTTP/1.1" 404 179
"GET /static/admin/js/jquery.init.js HTTP/1.1" 404 179
Not Found: /static/admin/js/urlify.js
Not Found: /static/admin/js/actions.js
Not Found: /static/admin/js/prepopulate.js
Not Found: /static/admin/js/vendor/xregexp/xregexp.min.js
Not Found: /static/admin/js/prepopulate_init.js
"GET /static/admin/js/actions.js HTTP/1.1" 404 179
"GET /static/admin/js/urlify.js HTTP/1.1" 404 179
"GET /static/admin/js/prepopulate.js HTTP/1.1" 404 179
"GET /static/admin/js/vendor/xregexp/xregexp.min.js HTTP/1.1" 404 179
"GET /static/admin/js/prepopulate_init.js HTTP/1.1" 404 179
Not Found: /static/admin/css/nav_sidebar.css
Not Found: /static/admin/css/forms.css
"GET /static/admin/css/nav_sidebar.css HTTP/1.1" 404 179
"GET /static/admin/css/forms.css HTTP/1.1" 404 179
Not Found: /static/admin/js/nav_sidebar.js
"GET /static/admin/js/nav_sidebar.js HTTP/1.1" 404 179
Not Found: /static/admin/js/change_form.js
"GET /static/admin/js/change_form.js HTTP/1.1" 404 179
"GET /admin/jsi18n/ HTTP/1.1" 200 3342
Not Found: /static/admin/css/responsive.css
"GET /static/admin/css/responsive.css HTTP/1.1" 404 179
Not Found: /favicon.ico
"GET /favicon.ico HTTP/1.1" 404 179
"GET /api/categories/ HTTP/1.1" 200 439
C:\Users\Administrator\OneDrive\Documents\STUDIES\PERSONAL\WEB DEVELOPMENT\PROJECTS\Muindi-Mwesi-app\MM-backend\products\views.py changed, reloading.
Watching for file changes with StatReloader
"GET /api/categories/ HTTP/1.1" 200 558
"GET /api/categories/ HTTP/1.1" 200 558
C:\Users\Administrator\OneDrive\Documents\STUDIES\PERSONAL\WEB DEVELOPMENT\PROJECTS\Muindi-Mwesi-app\MM-backend\products\admin.py changed, reloading.
Watching for file changes with StatReloader
Internal Server Error: /admin/products/category/4/change/
Traceback (most recent call last):
  File "C:\Users\Administrator\OneDrive\Documents\STUDIES\PERSONAL\WEB DEVELOPMENT\PROJECTS\Muindi-Mwesi-app\MM-backend\env\Lib\site-packages\django\contrib\admin\options.py", line 840, in get_form
    return modelform_factory(self.model, **defaults)
  File "C:\Users\Administrator\OneDrive\Documents\STUDIES\PERSONAL\WEB DEVELOPMENT\PROJECTS\Muindi-Mwesi-app\MM-backend\env\Lib\site-packages\django\forms\models.py", line 654, in modelform_factory
    return type(form)(class_name, (form,), form_class_attrs)
           ~~~~~~~~~~^^^^^^^^^^^^^^^^^^^^^^^^^^^^^^^^^^^^^^^
  File "C:\Users\Administrator\OneDrive\Documents\STUDIES\PERSONAL\WEB DEVELOPMENT\PROJECTS\Muindi-Mwesi-app\MM-backend\env\Lib\site-packages\django\forms\models.py", line 334, in __new__
    raise FieldError(message)
django.core.exceptions.FieldError: Unknown field(s) (image) specified for Category

During handling of the above exception, another exception occurred:

Traceback (most recent call last):
  File "C:\Users\Administrator\OneDrive\Documents\STUDIES\PERSONAL\WEB DEVELOPMENT\PROJECTS\Muindi-Mwesi-app\MM-backend\env\Lib\site-packages\django\core\handlers\exception.py", line 55, in inner
    response = get_response(request)
  File "C:\Users\Administrator\OneDrive\Documents\STUDIES\PERSONAL\WEB DEVELOPMENT\PROJECTS\Muindi-Mwesi-app\MM-backend\env\Lib\site-packages\django\core\handlers\base.py", line 197, in _get_response
    response = wrapped_callback(request, *callback_args, **callback_kwargs)
  File "C:\Users\Administrator\OneDrive\Documents\STUDIES\PERSONAL\WEB DEVELOPMENT\PROJECTS\Muindi-Mwesi-app\MM-backend\env\Lib\site-packages\django\contrib\admin\options.py", line 719, in wrapper
    return self.admin_site.admin_view(view)(*args, **kwargs)
           ~~~~~~~~~~~~~~~~~~~~~~~~~~~~~~~~^^^^^^^^^^^^^^^^^
  File "C:\Users\Administrator\OneDrive\Documents\STUDIES\PERSONAL\WEB DEVELOPMENT\PROJECTS\Muindi-Mwesi-app\MM-backend\env\Lib\site-packages\django\utils\decorators.py", line 192, in _view_wrapper
    result = _process_exception(request, e)
  File "C:\Users\Administrator\OneDrive\Documents\STUDIES\PERSONAL\WEB DEVELOPMENT\PROJECTS\Muindi-Mwesi-app\MM-backend\env\Lib\site-packages\django\utils\decorators.py", line 190, in _view_wrapper
    response = view_func(request, *args, **kwargs)
  File "C:\Users\Administrator\OneDrive\Documents\STUDIES\PERSONAL\WEB DEVELOPMENT\PROJECTS\Muindi-Mwesi-app\MM-backend\env\Lib\site-packages\django\views\decorators\cache.py", line 80, in _view_wrapper
    response = view_func(request, *args, **kwargs)
  File "C:\Users\Administrator\OneDrive\Documents\STUDIES\PERSONAL\WEB DEVELOPMENT\PROJECTS\Muindi-Mwesi-app\MM-backend\env\Lib\site-packages\django\contrib\admin\sites.py", line 246, in inner
    return view(request, *args, **kwargs)
  File "C:\Users\Administrator\OneDrive\Documents\STUDIES\PERSONAL\WEB DEVELOPMENT\PROJECTS\Muindi-Mwesi-app\MM-backend\env\Lib\site-packages\django\contrib\admin\options.py", line 1987, in change_view
    return self.changeform_view(request, object_id, form_url, extra_context)
           ~~~~~~~~~~~~~~~~~~~~^^^^^^^^^^^^^^^^^^^^^^^^^^^^^^^^^^^^^^^^^^^^^
  File "C:\Users\Administrator\OneDrive\Documents\STUDIES\PERSONAL\WEB DEVELOPMENT\PROJECTS\Muindi-Mwesi-app\MM-backend\env\Lib\site-packages\django\utils\decorators.py", line 48, in _wrapper
    return bound_method(*args, **kwargs)
  File "C:\Users\Administrator\OneDrive\Documents\STUDIES\PERSONAL\WEB DEVELOPMENT\PROJECTS\Muindi-Mwesi-app\MM-backend\env\Lib\site-packages\django\utils\decorators.py", line 192, in _view_wrapper
    result = _process_exception(request, e)
  File "C:\Users\Administrator\OneDrive\Documents\STUDIES\PERSONAL\WEB DEVELOPMENT\PROJECTS\Muindi-Mwesi-app\MM-backend\env\Lib\site-packages\django\utils\decorators.py", line 190, in _view_wrapper
    response = view_func(request, *args, **kwargs)
  File "C:\Users\Administrator\OneDrive\Documents\STUDIES\PERSONAL\WEB DEVELOPMENT\PROJECTS\Muindi-Mwesi-app\MM-backend\env\Lib\site-packages\django\contrib\admin\options.py", line 1840, in changeform_view
    return self._changeform_view(request, object_id, form_url, extra_context)
           ~~~~~~~~~~~~~~~~~~~~~^^^^^^^^^^^^^^^^^^^^^^^^^^^^^^^^^^^^^^^^^^^^^
  File "C:\Users\Administrator\OneDrive\Documents\STUDIES\PERSONAL\WEB DEVELOPMENT\PROJECTS\Muindi-Mwesi-app\MM-backend\env\Lib\site-packages\django\contrib\admin\options.py", line 1878, in _changeform_view
    ModelForm = self.get_form(
        request, obj, change=not add, fields=flatten_fieldsets(fieldsets)
    )
  File "C:\Users\Administrator\OneDrive\Documents\STUDIES\PERSONAL\WEB DEVELOPMENT\PROJECTS\Muindi-Mwesi-app\MM-backend\env\Lib\site-packages\django\contrib\admin\options.py", line 842, in get_form
    raise FieldError(
    ...<2 lines>...
    )
django.core.exceptions.FieldError: Unknown field(s) (image) specified for Category. Check fields/fieldsets/exclude attributes of class CategoryAdmin.
"GET /admin/products/category/4/change/ HTTP/1.1" 500 145
Not Found: /.well-known/appspecific/com.chrome.devtools.json
"GET /.well-known/appspecific/com.chrome.devtools.json HTTP/1.1" 404 179
Watching for file changes with StatReloader
"GET /admin/ HTTP/1.1" 200 8915
Not Found: /.well-known/appspecific/com.chrome.devtools.json
Not Found: /static/admin/js/theme.js
"GET /.well-known/appspecific/com.chrome.devtools.json HTTP/1.1" 404 179
"GET /static/admin/js/theme.js HTTP/1.1" 404 179
Not Found: /static/admin/css/nav_sidebar.css
Not Found: /static/admin/css/dashboard.css
"GET /static/admin/css/nav_sidebar.css HTTP/1.1" 404 179
"GET /static/admin/css/dashboard.css HTTP/1.1" 404 179
Not Found: /static/admin/css/responsive.css
Not Found: /static/admin/css/base.css
"GET /static/admin/css/responsive.css HTTP/1.1" 404 179
"GET /static/admin/css/base.css HTTP/1.1" 404 179
Not Found: /static/admin/css/dark_mode.css
"GET /static/admin/css/dark_mode.css HTTP/1.1" 404 179
Not Found: /static/admin/js/nav_sidebar.js
"GET /static/admin/js/nav_sidebar.js HTTP/1.1" 404 179
Not Found: /static/admin/css/nav_sidebar.css
Not Found: /static/admin/css/dashboard.css
Not Found: /static/admin/css/responsive.css
"GET /static/admin/css/nav_sidebar.css HTTP/1.1" 404 179
"GET /static/admin/css/dashboard.css HTTP/1.1" 404 179
"GET /static/admin/css/responsive.css HTTP/1.1" 404 179
Internal Server Error: /admin/products/category/
Traceback (most recent call last):
  File "C:\Users\Administrator\OneDrive\Documents\STUDIES\PERSONAL\WEB DEVELOPMENT\PROJECTS\Muindi-Mwesi-app\MM-backend\env\Lib\site-packages\django\db\models\options.py", line 683, in get_field
    return self.fields_map[field_name]
           ~~~~~~~~~~~~~~~^^^^^^^^^^^^
KeyError: 'image_preview'

During handling of the above exception, another exception occurred:

Traceback (most recent call last):
  File "C:\Users\Administrator\OneDrive\Documents\STUDIES\PERSONAL\WEB DEVELOPMENT\PROJECTS\Muindi-Mwesi-app\MM-backend\env\Lib\site-packages\django\contrib\admin\utils.py", line 290, in lookup_field
    f = _get_non_gfk_field(opts, name)
  File "C:\Users\Administrator\OneDrive\Documents\STUDIES\PERSONAL\WEB DEVELOPMENT\PROJECTS\Muindi-Mwesi-app\MM-backend\env\Lib\site-packages\django\contrib\admin\utils.py", line 330, in _get_non_gfk_field
    field = opts.get_field(name)
  File "C:\Users\Administrator\OneDrive\Documents\STUDIES\PERSONAL\WEB DEVELOPMENT\PROJECTS\Muindi-Mwesi-app\MM-backend\env\Lib\site-packages\django\db\models\options.py", line 685, in get_field
    raise FieldDoesNotExist(
        "%s has no field named '%s'" % (self.object_name, field_name)
    )
django.core.exceptions.FieldDoesNotExist: Category has no field named 'image_preview'

During handling of the above exception, another exception occurred:

Traceback (most recent call last):
  File "C:\Users\Administrator\OneDrive\Documents\STUDIES\PERSONAL\WEB DEVELOPMENT\PROJECTS\Muindi-Mwesi-app\MM-backend\env\Lib\site-packages\django\core\handlers\exception.py", line 55, in inner
    response = get_response(request)
  File "C:\Users\Administrator\OneDrive\Documents\STUDIES\PERSONAL\WEB DEVELOPMENT\PROJECTS\Muindi-Mwesi-app\MM-backend\env\Lib\site-packages\django\core\handlers\base.py", line 220, in _get_response
    response = response.render()
  File "C:\Users\Administrator\OneDrive\Documents\STUDIES\PERSONAL\WEB DEVELOPMENT\PROJECTS\Muindi-Mwesi-app\MM-backend\env\Lib\site-packages\django\template\response.py", line 114, in render
    self.content = self.rendered_content
                   ^^^^^^^^^^^^^^^^^^^^^
  File "C:\Users\Administrator\OneDrive\Documents\STUDIES\PERSONAL\WEB DEVELOPMENT\PROJECTS\Muindi-Mwesi-app\MM-backend\env\Lib\site-packages\django\template\response.py", line 92, in rendered_content
    return template.render(context, self._request)
           ~~~~~~~~~~~~~~~^^^^^^^^^^^^^^^^^^^^^^^^
  File "C:\Users\Administrator\OneDrive\Documents\STUDIES\PERSONAL\WEB DEVELOPMENT\PROJECTS\Muindi-Mwesi-app\MM-backend\env\Lib\site-packages\django\template\backends\django.py", line 107, in render
    return self.template.render(context)
           ~~~~~~~~~~~~~~~~~~~~^^^^^^^^^
  File "C:\Users\Administrator\OneDrive\Documents\STUDIES\PERSONAL\WEB DEVELOPMENT\PROJECTS\Muindi-Mwesi-app\MM-backend\env\Lib\site-packages\django\template\base.py", line 171, in render
    return self._render(context)
           ~~~~~~~~~~~~^^^^^^^^^
  File "C:\Users\Administrator\OneDrive\Documents\STUDIES\PERSONAL\WEB DEVELOPMENT\PROJECTS\Muindi-Mwesi-app\MM-backend\env\Lib\site-packages\django\template\base.py", line 163, in _render
    return self.nodelist.render(context)
           ~~~~~~~~~~~~~~~~~~~~^^^^^^^^^
  File "C:\Users\Administrator\OneDrive\Documents\STUDIES\PERSONAL\WEB DEVELOPMENT\PROJECTS\Muindi-Mwesi-app\MM-backend\env\Lib\site-packages\django\template\base.py", line 1016, in render
    return SafeString("".join([node.render_annotated(context) for node in self]))
                               ~~~~~~~~~~~~~~~~~~~~~^^^^^^^^^
  File "C:\Users\Administrator\OneDrive\Documents\STUDIES\PERSONAL\WEB DEVELOPMENT\PROJECTS\Muindi-Mwesi-app\MM-backend\env\Lib\site-packages\django\template\base.py", line 977, in render_annotated
    return self.render(context)
           ~~~~~~~~~~~^^^^^^^^^
  File "C:\Users\Administrator\OneDrive\Documents\STUDIES\PERSONAL\WEB DEVELOPMENT\PROJECTS\Muindi-Mwesi-app\MM-backend\env\Lib\site-packages\django\template\loader_tags.py", line 159, in render
    return compiled_parent._render(context)
           ~~~~~~~~~~~~~~~~~~~~~~~^^^^^^^^^
  File "C:\Users\Administrator\OneDrive\Documents\STUDIES\PERSONAL\WEB DEVELOPMENT\PROJECTS\Muindi-Mwesi-app\MM-backend\env\Lib\site-packages\django\template\base.py", line 163, in _render
    return self.nodelist.render(context)
           ~~~~~~~~~~~~~~~~~~~~^^^^^^^^^
  File "C:\Users\Administrator\OneDrive\Documents\STUDIES\PERSONAL\WEB DEVELOPMENT\PROJECTS\Muindi-Mwesi-app\MM-backend\env\Lib\site-packages\django\template\base.py", line 1016, in render
    return SafeString("".join([node.render_annotated(context) for node in self]))
                               ~~~~~~~~~~~~~~~~~~~~~^^^^^^^^^
  File "C:\Users\Administrator\OneDrive\Documents\STUDIES\PERSONAL\WEB DEVELOPMENT\PROJECTS\Muindi-Mwesi-app\MM-backend\env\Lib\site-packages\django\template\base.py", line 977, in render_annotated
    return self.render(context)
           ~~~~~~~~~~~^^^^^^^^^
  File "C:\Users\Administrator\OneDrive\Documents\STUDIES\PERSONAL\WEB DEVELOPMENT\PROJECTS\Muindi-Mwesi-app\MM-backend\env\Lib\site-packages\django\template\loader_tags.py", line 159, in render
    return compiled_parent._render(context)
           ~~~~~~~~~~~~~~~~~~~~~~~^^^^^^^^^
  File "C:\Users\Administrator\OneDrive\Documents\STUDIES\PERSONAL\WEB DEVELOPMENT\PROJECTS\Muindi-Mwesi-app\MM-backend\env\Lib\site-packages\django\template\base.py", line 163, in _render
    return self.nodelist.render(context)
           ~~~~~~~~~~~~~~~~~~~~^^^^^^^^^
  File "C:\Users\Administrator\OneDrive\Documents\STUDIES\PERSONAL\WEB DEVELOPMENT\PROJECTS\Muindi-Mwesi-app\MM-backend\env\Lib\site-packages\django\template\base.py", line 1016, in render
    return SafeString("".join([node.render_annotated(context) for node in self]))
                               ~~~~~~~~~~~~~~~~~~~~~^^^^^^^^^
  File "C:\Users\Administrator\OneDrive\Documents\STUDIES\PERSONAL\WEB DEVELOPMENT\PROJECTS\Muindi-Mwesi-app\MM-backend\env\Lib\site-packages\django\template\base.py", line 977, in render_annotated
    return self.render(context)
           ~~~~~~~~~~~^^^^^^^^^
  File "C:\Users\Administrator\OneDrive\Documents\STUDIES\PERSONAL\WEB DEVELOPMENT\PROJECTS\Muindi-Mwesi-app\MM-backend\env\Lib\site-packages\django\template\loader_tags.py", line 65, in render
    result = block.nodelist.render(context)
  File "C:\Users\Administrator\OneDrive\Documents\STUDIES\PERSONAL\WEB DEVELOPMENT\PROJECTS\Muindi-Mwesi-app\MM-backend\env\Lib\site-packages\django\template\base.py", line 1016, in render
    return SafeString("".join([node.render_annotated(context) for node in self]))
                               ~~~~~~~~~~~~~~~~~~~~~^^^^^^^^^
  File "C:\Users\Administrator\OneDrive\Documents\STUDIES\PERSONAL\WEB DEVELOPMENT\PROJECTS\Muindi-Mwesi-app\MM-backend\env\Lib\site-packages\django\template\base.py", line 977, in render_annotated
    return self.render(context)
           ~~~~~~~~~~~^^^^^^^^^
  File "C:\Users\Administrator\OneDrive\Documents\STUDIES\PERSONAL\WEB DEVELOPMENT\PROJECTS\Muindi-Mwesi-app\MM-backend\env\Lib\site-packages\django\template\loader_tags.py", line 65, in render
    result = block.nodelist.render(context)
  File "C:\Users\Administrator\OneDrive\Documents\STUDIES\PERSONAL\WEB DEVELOPMENT\PROJECTS\Muindi-Mwesi-app\MM-backend\env\Lib\site-packages\django\template\base.py", line 1016, in render
    return SafeString("".join([node.render_annotated(context) for node in self]))
                               ~~~~~~~~~~~~~~~~~~~~~^^^^^^^^^
  File "C:\Users\Administrator\OneDrive\Documents\STUDIES\PERSONAL\WEB DEVELOPMENT\PROJECTS\Muindi-Mwesi-app\MM-backend\env\Lib\site-packages\django\template\base.py", line 977, in render_annotated
    return self.render(context)
           ~~~~~~~~~~~^^^^^^^^^
  File "C:\Users\Administrator\OneDrive\Documents\STUDIES\PERSONAL\WEB DEVELOPMENT\PROJECTS\Muindi-Mwesi-app\MM-backend\env\Lib\site-packages\django\contrib\admin\templatetags\base.py", line 45, in render
    return super().render(context)
           ~~~~~~~~~~~~~~^^^^^^^^^
  File "C:\Users\Administrator\OneDrive\Documents\STUDIES\PERSONAL\WEB DEVELOPMENT\PROJECTS\Muindi-Mwesi-app\MM-backend\env\Lib\site-packages\django\template\library.py", line 359, in render
    _dict = self.func(*resolved_args, **resolved_kwargs)
  File "C:\Users\Administrator\OneDrive\Documents\STUDIES\PERSONAL\WEB DEVELOPMENT\PROJECTS\Muindi-Mwesi-app\MM-backend\env\Lib\site-packages\django\contrib\admin\templatetags\admin_list.py", line 354, in result_list
    "results": list(results(cl)),
               ~~~~^^^^^^^^^^^^^
  File "C:\Users\Administrator\OneDrive\Documents\STUDIES\PERSONAL\WEB DEVELOPMENT\PROJECTS\Muindi-Mwesi-app\MM-backend\env\Lib\site-packages\django\contrib\admin\templatetags\admin_list.py", line 330, in results
    yield ResultList(None, items_for_result(cl, res, None))
          ~~~~~~~~~~^^^^^^^^^^^^^^^^^^^^^^^^^^^^^^^^^^^^^^^
  File "C:\Users\Administrator\OneDrive\Documents\STUDIES\PERSONAL\WEB DEVELOPMENT\PROJECTS\Muindi-Mwesi-app\MM-backend\env\Lib\site-packages\django\contrib\admin\templatetags\admin_list.py", line 321, in __init__
    super().__init__(*items)
    ~~~~~~~~~~~~~~~~^^^^^^^^
  File "C:\Users\Administrator\OneDrive\Documents\STUDIES\PERSONAL\WEB DEVELOPMENT\PROJECTS\Muindi-Mwesi-app\MM-backend\env\Lib\site-packages\django\contrib\admin\templatetags\admin_list.py", line 219, in items_for_result
    f, attr, value = lookup_field(field_name, result, cl.model_admin)
                     ~~~~~~~~~~~~^^^^^^^^^^^^^^^^^^^^^^^^^^^^^^^^^^^^
  File "C:\Users\Administrator\OneDrive\Documents\STUDIES\PERSONAL\WEB DEVELOPMENT\PROJECTS\Muindi-Mwesi-app\MM-backend\env\Lib\site-packages\django\contrib\admin\utils.py", line 299, in lookup_field
    value = attr(obj)
  File "C:\Users\Administrator\OneDrive\Documents\STUDIES\PERSONAL\WEB DEVELOPMENT\PROJECTS\Muindi-Mwesi-app\MM-backend\products\admin.py", line 14, in image_preview
    if obj.image:
       ^^^^^^^^^
AttributeError: 'Category' object has no attribute 'image'
"GET /admin/products/category/ HTTP/1.1" 500 145
C:\Users\Administrator\OneDrive\Documents\STUDIES\PERSONAL\WEB DEVELOPMENT\PROJECTS\Muindi-Mwesi-app\MM-backend\backend\settings.py changed, reloading.
Watching for file changes with StatReloader
Watching for file changes with StatReloader
"GET /admin/ HTTP/1.1" 200 8915
Not Found: /static/admin/css/nav_sidebar.css
Not Found: /static/admin/css/dashboard.css
"GET /static/admin/css/nav_sidebar.css HTTP/1.1" 404 179
"GET /static/admin/css/dashboard.css HTTP/1.1" 404 179
Not Found: /static/admin/css/responsive.css
Not Found: /static/admin/css/base.css
"GET /static/admin/css/responsive.css HTTP/1.1" 404 179
"GET /static/admin/css/base.css HTTP/1.1" 404 179
Not Found: /static/admin/css/dark_mode.css
Not Found: /static/admin/js/theme.js
"GET /static/admin/css/dark_mode.css HTTP/1.1" 404 179
"GET /static/admin/js/theme.js HTTP/1.1" 404 179
Not Found: /static/admin/js/nav_sidebar.js
"GET /static/admin/js/nav_sidebar.js HTTP/1.1" 404 179
Not Found: /static/admin/css/nav_sidebar.css
Not Found: /static/admin/css/dashboard.css
Not Found: /static/admin/css/responsive.css
"GET /static/admin/css/nav_sidebar.css HTTP/1.1" 404 179
"GET /static/admin/css/dashboard.css HTTP/1.1" 404 179
"GET /static/admin/css/responsive.css HTTP/1.1" 404 179
"GET /admin/products/category/ HTTP/1.1" 200 14556
Not Found: /static/admin/css/nav_sidebar.css
Not Found: /static/admin/css/changelists.css
"GET /static/admin/css/nav_sidebar.css HTTP/1.1" 404 179
"GET /static/admin/css/changelists.css HTTP/1.1" 404 179
Not Found: /static/admin/css/base.css
Not Found: /static/admin/css/dark_mode.css
"GET /static/admin/css/base.css HTTP/1.1" 404 179
"GET /static/admin/css/dark_mode.css HTTP/1.1" 404 179
Not Found: /static/admin/css/responsive.css
Not Found: /static/admin/js/vendor/jquery/jquery.min.js
"GET /static/admin/css/responsive.css HTTP/1.1" 404 179
"GET /static/admin/js/vendor/jquery/jquery.min.js HTTP/1.1" 404 179
Not Found: /static/admin/js/jquery.init.js
Not Found: /static/admin/js/core.js
"GET /static/admin/js/jquery.init.js HTTP/1.1" 404 179
"GET /static/admin/js/core.js HTTP/1.1" 404 179
Not Found: /static/admin/js/admin/RelatedObjectLookups.js
Not Found: /static/admin/js/theme.js
"GET /static/admin/js/admin/RelatedObjectLookups.js HTTP/1.1" 404 179
"GET /static/admin/js/theme.js HTTP/1.1" 404 179
Not Found: /static/admin/js/vendor/xregexp/xregexp.min.js
Not Found: /static/admin/js/actions.js
"GET /static/admin/js/vendor/xregexp/xregexp.min.js HTTP/1.1" 404 179
"GET /static/admin/js/actions.js HTTP/1.1" 404 179
Not Found: /static/admin/css/nav_sidebar.css
Not Found: /static/admin/css/changelists.css
"GET /static/admin/css/nav_sidebar.css HTTP/1.1" 404 179
"GET /static/admin/css/changelists.css HTTP/1.1" 404 179
Not Found: /static/admin/js/prepopulate.js
"GET /static/admin/js/prepopulate.js HTTP/1.1" 404 179
Not Found: /static/admin/img/search.svg
Not Found: /static/admin/js/urlify.js
"GET /static/admin/img/search.svg HTTP/1.1" 404 179
"GET /static/admin/js/urlify.js HTTP/1.1" 404 179
Not Found: /static/admin/js/nav_sidebar.js
"GET /static/admin/js/nav_sidebar.js HTTP/1.1" 404 179
Not Found: /static/admin/js/filters.js
"GET /static/admin/js/filters.js HTTP/1.1" 404 179
"GET /admin/jsi18n/ HTTP/1.1" 200 3342
Not Found: /static/admin/css/responsive.css
"GET /static/admin/css/responsive.css HTTP/1.1" 404 179
Internal Server Error: /admin/products/category/4/change/
Traceback (most recent call last):
  File "C:\Users\Administrator\OneDrive\Documents\STUDIES\PERSONAL\WEB DEVELOPMENT\PROJECTS\Muindi-Mwesi-app\MM-backend\env\Lib\site-packages\django\contrib\admin\options.py", line 840, in get_form
    return modelform_factory(self.model, **defaults)
  File "C:\Users\Administrator\OneDrive\Documents\STUDIES\PERSONAL\WEB DEVELOPMENT\PROJECTS\Muindi-Mwesi-app\MM-backend\env\Lib\site-packages\django\forms\models.py", line 654, in modelform_factory
    return type(form)(class_name, (form,), form_class_attrs)
           ~~~~~~~~~~^^^^^^^^^^^^^^^^^^^^^^^^^^^^^^^^^^^^^^^
  File "C:\Users\Administrator\OneDrive\Documents\STUDIES\PERSONAL\WEB DEVELOPMENT\PROJECTS\Muindi-Mwesi-app\MM-backend\env\Lib\site-packages\django\forms\models.py", line 334, in __new__
    raise FieldError(message)
django.core.exceptions.FieldError: Unknown field(s) (image) specified for Category

During handling of the above exception, another exception occurred:

Traceback (most recent call last):
  File "C:\Users\Administrator\OneDrive\Documents\STUDIES\PERSONAL\WEB DEVELOPMENT\PROJECTS\Muindi-Mwesi-app\MM-backend\env\Lib\site-packages\django\core\handlers\exception.py", line 55, in inner
    response = get_response(request)
  File "C:\Users\Administrator\OneDrive\Documents\STUDIES\PERSONAL\WEB DEVELOPMENT\PROJECTS\Muindi-Mwesi-app\MM-backend\env\Lib\site-packages\django\core\handlers\base.py", line 197, in _get_response
    response = wrapped_callback(request, *callback_args, **callback_kwargs)
  File "C:\Users\Administrator\OneDrive\Documents\STUDIES\PERSONAL\WEB DEVELOPMENT\PROJECTS\Muindi-Mwesi-app\MM-backend\env\Lib\site-packages\django\contrib\admin\options.py", line 719, in wrapper
    return self.admin_site.admin_view(view)(*args, **kwargs)
           ~~~~~~~~~~~~~~~~~~~~~~~~~~~~~~~~^^^^^^^^^^^^^^^^^
  File "C:\Users\Administrator\OneDrive\Documents\STUDIES\PERSONAL\WEB DEVELOPMENT\PROJECTS\Muindi-Mwesi-app\MM-backend\env\Lib\site-packages\django\utils\decorators.py", line 192, in _view_wrapper
    result = _process_exception(request, e)
  File "C:\Users\Administrator\OneDrive\Documents\STUDIES\PERSONAL\WEB DEVELOPMENT\PROJECTS\Muindi-Mwesi-app\MM-backend\env\Lib\site-packages\django\utils\decorators.py", line 190, in _view_wrapper
    response = view_func(request, *args, **kwargs)
  File "C:\Users\Administrator\OneDrive\Documents\STUDIES\PERSONAL\WEB DEVELOPMENT\PROJECTS\Muindi-Mwesi-app\MM-backend\env\Lib\site-packages\django\views\decorators\cache.py", line 80, in _view_wrapper
    response = view_func(request, *args, **kwargs)
  File "C:\Users\Administrator\OneDrive\Documents\STUDIES\PERSONAL\WEB DEVELOPMENT\PROJECTS\Muindi-Mwesi-app\MM-backend\env\Lib\site-packages\django\contrib\admin\sites.py", line 246, in inner
    return view(request, *args, **kwargs)
  File "C:\Users\Administrator\OneDrive\Documents\STUDIES\PERSONAL\WEB DEVELOPMENT\PROJECTS\Muindi-Mwesi-app\MM-backend\env\Lib\site-packages\django\contrib\admin\options.py", line 1987, in change_view
    return self.changeform_view(request, object_id, form_url, extra_context)
           ~~~~~~~~~~~~~~~~~~~~^^^^^^^^^^^^^^^^^^^^^^^^^^^^^^^^^^^^^^^^^^^^^
  File "C:\Users\Administrator\OneDrive\Documents\STUDIES\PERSONAL\WEB DEVELOPMENT\PROJECTS\Muindi-Mwesi-app\MM-backend\env\Lib\site-packages\django\utils\decorators.py", line 48, in _wrapper
    return bound_method(*args, **kwargs)
  File "C:\Users\Administrator\OneDrive\Documents\STUDIES\PERSONAL\WEB DEVELOPMENT\PROJECTS\Muindi-Mwesi-app\MM-backend\env\Lib\site-packages\django\utils\decorators.py", line 192, in _view_wrapper
    result = _process_exception(request, e)
  File "C:\Users\Administrator\OneDrive\Documents\STUDIES\PERSONAL\WEB DEVELOPMENT\PROJECTS\Muindi-Mwesi-app\MM-backend\env\Lib\site-packages\django\utils\decorators.py", line 190, in _view_wrapper
    response = view_func(request, *args, **kwargs)
  File "C:\Users\Administrator\OneDrive\Documents\STUDIES\PERSONAL\WEB DEVELOPMENT\PROJECTS\Muindi-Mwesi-app\MM-backend\env\Lib\site-packages\django\contrib\admin\options.py", line 1840, in changeform_view
    return self._changeform_view(request, object_id, form_url, extra_context)
           ~~~~~~~~~~~~~~~~~~~~~^^^^^^^^^^^^^^^^^^^^^^^^^^^^^^^^^^^^^^^^^^^^^
  File "C:\Users\Administrator\OneDrive\Documents\STUDIES\PERSONAL\WEB DEVELOPMENT\PROJECTS\Muindi-Mwesi-app\MM-backend\env\Lib\site-packages\django\contrib\admin\options.py", line 1878, in _changeform_view
    ModelForm = self.get_form(
        request, obj, change=not add, fields=flatten_fieldsets(fieldsets)
    )
  File "C:\Users\Administrator\OneDrive\Documents\STUDIES\PERSONAL\WEB DEVELOPMENT\PROJECTS\Muindi-Mwesi-app\MM-backend\env\Lib\site-packages\django\contrib\admin\options.py", line 842, in get_form
    raise FieldError(
    ...<2 lines>...
    )
django.core.exceptions.FieldError: Unknown field(s) (image) specified for Category. Check fields/fieldsets/exclude attributes of class CategoryAdmin.
"GET /admin/products/category/4/change/ HTTP/1.1" 500 145
"GET /admin/products/category/ HTTP/1.1" 200 14556
Not Found: /static/admin/css/dark_mode.css
Not Found: /static/admin/js/theme.js
Not Found: /static/admin/css/nav_sidebar.css
Not Found: /static/admin/css/changelists.css
Not Found: /static/admin/js/vendor/jquery/jquery.min.js
Not Found: /static/admin/js/jquery.init.js
"GET /static/admin/css/dark_mode.css HTTP/1.1" 404 179
"GET /static/admin/js/theme.js HTTP/1.1" 404 179
"GET /static/admin/css/nav_sidebar.css HTTP/1.1" 404 179
"GET /static/admin/css/changelists.css HTTP/1.1" 404 179
"GET /static/admin/js/vendor/jquery/jquery.min.js HTTP/1.1" 404 179
"GET /static/admin/js/jquery.init.js HTTP/1.1" 404 179
Not Found: /static/admin/js/core.js
Not Found: /static/admin/js/actions.js
Not Found: /static/admin/js/prepopulate.js
Not Found: /static/admin/js/vendor/xregexp/xregexp.min.js
"GET /static/admin/js/core.js HTTP/1.1" 404 179
"GET /static/admin/js/actions.js HTTP/1.1" 404 179
"GET /static/admin/js/prepopulate.js HTTP/1.1" 404 179
"GET /static/admin/js/vendor/xregexp/xregexp.min.js HTTP/1.1" 404 179
Not Found: /static/admin/js/nav_sidebar.js
Not Found: /static/admin/js/filters.js
"GET /static/admin/js/nav_sidebar.js HTTP/1.1" 404 179
"GET /static/admin/js/filters.js HTTP/1.1" 404 179
Internal Server Error: /admin/products/category/4/change/
Traceback (most recent call last):
  File "C:\Users\Administrator\OneDrive\Documents\STUDIES\PERSONAL\WEB DEVELOPMENT\PROJECTS\Muindi-Mwesi-app\MM-backend\env\Lib\site-packages\django\contrib\admin\options.py", line 840, in get_form
    return modelform_factory(self.model, **defaults)
  File "C:\Users\Administrator\OneDrive\Documents\STUDIES\PERSONAL\WEB DEVELOPMENT\PROJECTS\Muindi-Mwesi-app\MM-backend\env\Lib\site-packages\django\forms\models.py", line 654, in modelform_factory
    return type(form)(class_name, (form,), form_class_attrs)
           ~~~~~~~~~~^^^^^^^^^^^^^^^^^^^^^^^^^^^^^^^^^^^^^^^
  File "C:\Users\Administrator\OneDrive\Documents\STUDIES\PERSONAL\WEB DEVELOPMENT\PROJECTS\Muindi-Mwesi-app\MM-backend\env\Lib\site-packages\django\forms\models.py", line 334, in __new__
    raise FieldError(message)
django.core.exceptions.FieldError: Unknown field(s) (image) specified for Category

During handling of the above exception, another exception occurred:

Traceback (most recent call last):
  File "C:\Users\Administrator\OneDrive\Documents\STUDIES\PERSONAL\WEB DEVELOPMENT\PROJECTS\Muindi-Mwesi-app\MM-backend\env\Lib\site-packages\django\core\handlers\exception.py", line 55, in inner
    response = get_response(request)
  File "C:\Users\Administrator\OneDrive\Documents\STUDIES\PERSONAL\WEB DEVELOPMENT\PROJECTS\Muindi-Mwesi-app\MM-backend\env\Lib\site-packages\django\core\handlers\base.py", line 197, in _get_response
    response = wrapped_callback(request, *callback_args, **callback_kwargs)
  File "C:\Users\Administrator\OneDrive\Documents\STUDIES\PERSONAL\WEB DEVELOPMENT\PROJECTS\Muindi-Mwesi-app\MM-backend\env\Lib\site-packages\django\contrib\admin\options.py", line 719, in wrapper
    return self.admin_site.admin_view(view)(*args, **kwargs)
           ~~~~~~~~~~~~~~~~~~~~~~~~~~~~~~~~^^^^^^^^^^^^^^^^^
  File "C:\Users\Administrator\OneDrive\Documents\STUDIES\PERSONAL\WEB DEVELOPMENT\PROJECTS\Muindi-Mwesi-app\MM-backend\env\Lib\site-packages\django\utils\decorators.py", line 192, in _view_wrapper
    result = _process_exception(request, e)
  File "C:\Users\Administrator\OneDrive\Documents\STUDIES\PERSONAL\WEB DEVELOPMENT\PROJECTS\Muindi-Mwesi-app\MM-backend\env\Lib\site-packages\django\utils\decorators.py", line 190, in _view_wrapper
    response = view_func(request, *args, **kwargs)
  File "C:\Users\Administrator\OneDrive\Documents\STUDIES\PERSONAL\WEB DEVELOPMENT\PROJECTS\Muindi-Mwesi-app\MM-backend\env\Lib\site-packages\django\views\decorators\cache.py", line 80, in _view_wrapper
    response = view_func(request, *args, **kwargs)
  File "C:\Users\Administrator\OneDrive\Documents\STUDIES\PERSONAL\WEB DEVELOPMENT\PROJECTS\Muindi-Mwesi-app\MM-backend\env\Lib\site-packages\django\contrib\admin\sites.py", line 246, in inner
    return view(request, *args, **kwargs)
  File "C:\Users\Administrator\OneDrive\Documents\STUDIES\PERSONAL\WEB DEVELOPMENT\PROJECTS\Muindi-Mwesi-app\MM-backend\env\Lib\site-packages\django\contrib\admin\options.py", line 1987, in change_view
    return self.changeform_view(request, object_id, form_url, extra_context)
           ~~~~~~~~~~~~~~~~~~~~^^^^^^^^^^^^^^^^^^^^^^^^^^^^^^^^^^^^^^^^^^^^^
  File "C:\Users\Administrator\OneDrive\Documents\STUDIES\PERSONAL\WEB DEVELOPMENT\PROJECTS\Muindi-Mwesi-app\MM-backend\env\Lib\site-packages\django\utils\decorators.py", line 48, in _wrapper
    return bound_method(*args, **kwargs)
  File "C:\Users\Administrator\OneDrive\Documents\STUDIES\PERSONAL\WEB DEVELOPMENT\PROJECTS\Muindi-Mwesi-app\MM-backend\env\Lib\site-packages\django\utils\decorators.py", line 192, in _view_wrapper
    result = _process_exception(request, e)
  File "C:\Users\Administrator\OneDrive\Documents\STUDIES\PERSONAL\WEB DEVELOPMENT\PROJECTS\Muindi-Mwesi-app\MM-backend\env\Lib\site-packages\django\utils\decorators.py", line 190, in _view_wrapper
    response = view_func(request, *args, **kwargs)
  File "C:\Users\Administrator\OneDrive\Documents\STUDIES\PERSONAL\WEB DEVELOPMENT\PROJECTS\Muindi-Mwesi-app\MM-backend\env\Lib\site-packages\django\contrib\admin\options.py", line 1840, in changeform_view
    return self._changeform_view(request, object_id, form_url, extra_context)
           ~~~~~~~~~~~~~~~~~~~~~^^^^^^^^^^^^^^^^^^^^^^^^^^^^^^^^^^^^^^^^^^^^^
  File "C:\Users\Administrator\OneDrive\Documents\STUDIES\PERSONAL\WEB DEVELOPMENT\PROJECTS\Muindi-Mwesi-app\MM-backend\env\Lib\site-packages\django\contrib\admin\options.py", line 1878, in _changeform_view
    ModelForm = self.get_form(
        request, obj, change=not add, fields=flatten_fieldsets(fieldsets)
    )
  File "C:\Users\Administrator\OneDrive\Documents\STUDIES\PERSONAL\WEB DEVELOPMENT\PROJECTS\Muindi-Mwesi-app\MM-backend\env\Lib\site-packages\django\contrib\admin\options.py", line 842, in get_form
    raise FieldError(
    ...<2 lines>...
    )
django.core.exceptions.FieldError: Unknown field(s) (image) specified for Category. Check fields/fieldsets/exclude attributes of class CategoryAdmin.
"GET /admin/products/category/4/change/ HTTP/1.1" 500 145
Watching for file changes with StatReloader
"GET /admin/products/category/ HTTP/1.1" 200 14556
Not Found: /static/admin/js/vendor/xregexp/xregexp.min.js
Not Found: /static/admin/js/actions.js
Not Found: /static/admin/js/prepopulate.js
Not Found: /static/admin/js/core.js
"GET /static/admin/js/vendor/xregexp/xregexp.min.js HTTP/1.1" 404 179
"GET /static/admin/js/actions.js HTTP/1.1" 404 179
"GET /static/admin/js/prepopulate.js HTTP/1.1" 404 179
"GET /static/admin/js/core.js HTTP/1.1" 404 179
"GET /admin/products/category/ HTTP/1.1" 200 14556
Not Found: /static/admin/css/base.css
Not Found: /static/admin/css/dark_mode.css
Not Found: /static/admin/js/theme.js
Not Found: /static/admin/css/nav_sidebar.css
Not Found: /static/admin/css/changelists.css
"GET /static/admin/css/base.css HTTP/1.1" 404 179
"GET /static/admin/css/dark_mode.css HTTP/1.1" 404 179
"GET /static/admin/js/theme.js HTTP/1.1" 404 179
"GET /static/admin/css/nav_sidebar.css HTTP/1.1" 404 179
"GET /static/admin/css/changelists.css HTTP/1.1" 404 179
Not Found: /static/admin/css/responsive.css
"GET /static/admin/css/responsive.css HTTP/1.1" 404 179
Not Found: /static/admin/js/actions.js
Not Found: /static/admin/js/prepopulate.js
Not Found: /static/admin/js/core.js
"GET /static/admin/js/core.js HTTP/1.1" 404 179
Not Found: /static/admin/js/vendor/jquery/jquery.min.js
"GET /static/admin/js/prepopulate.js HTTP/1.1" 404 179
"GET /static/admin/js/actions.js HTTP/1.1" 404 179
"GET /static/admin/js/vendor/jquery/jquery.min.js HTTP/1.1" 404 179
Not Found: /static/admin/js/jquery.init.js
"GET /static/admin/js/jquery.init.js HTTP/1.1" 404 179
Not Found: /static/admin/js/admin/RelatedObjectLookups.js
Not Found: /static/admin/js/urlify.js
Not Found: /static/admin/js/vendor/xregexp/xregexp.min.js
Not Found: /static/admin/css/nav_sidebar.css
"GET /static/admin/js/admin/RelatedObjectLookups.js HTTP/1.1" 404 179
"GET /static/admin/js/urlify.js HTTP/1.1" 404 179
"GET /static/admin/js/vendor/xregexp/xregexp.min.js HTTP/1.1" 404 179
"GET /static/admin/css/nav_sidebar.css HTTP/1.1" 404 179
Not Found: /static/admin/css/changelists.css
"GET /static/admin/css/changelists.css HTTP/1.1" 404 179
Not Found: /static/admin/img/search.svg
"GET /static/admin/img/search.svg HTTP/1.1" 404 179
Not Found: /static/admin/js/nav_sidebar.js
"GET /static/admin/js/nav_sidebar.js HTTP/1.1" 404 179
Not Found: /static/admin/js/filters.js
"GET /static/admin/js/filters.js HTTP/1.1" 404 179
"GET /admin/jsi18n/ HTTP/1.1" 200 3342
Not Found: /static/admin/css/responsive.css
"GET /static/admin/css/responsive.css HTTP/1.1" 404 179
"GET /admin/products/category/4/change/ HTTP/1.1" 200 12513
Not Found: /static/admin/css/base.css
Not Found: /static/admin/css/dark_mode.css
"GET /static/admin/css/base.css HTTP/1.1" 404 179
"GET /static/admin/css/dark_mode.css HTTP/1.1" 404 179
Not Found: /static/admin/css/forms.css
Not Found: /static/admin/css/nav_sidebar.css
"GET /static/admin/css/forms.css HTTP/1.1" 404 179
"GET /static/admin/css/nav_sidebar.css HTTP/1.1" 404 179
Not Found: /static/admin/css/responsive.css
Not Found: /static/admin/js/theme.js
"GET /static/admin/css/responsive.css HTTP/1.1" 404 179
"GET /static/admin/js/theme.js HTTP/1.1" 404 179
Not Found: /static/admin/js/vendor/jquery/jquery.min.js
Not Found: /static/admin/js/core.js
"GET /static/admin/js/vendor/jquery/jquery.min.js HTTP/1.1" 404 179
"GET /static/admin/js/core.js HTTP/1.1" 404 179
Not Found: /static/admin/css/nav_sidebar.css
Not Found: /static/admin/css/forms.css
"GET /static/admin/css/nav_sidebar.css HTTP/1.1" 404 179
"GET /static/admin/css/forms.css HTTP/1.1" 404 179
Not Found: /static/admin/js/admin/RelatedObjectLookups.js
Not Found: /static/admin/js/actions.js
"GET /static/admin/js/admin/RelatedObjectLookups.js HTTP/1.1" 404 179
"GET /static/admin/js/actions.js HTTP/1.1" 404 179
Not Found: /static/admin/js/urlify.js
Not Found: /static/admin/js/prepopulate.js
"GET /static/admin/js/urlify.js HTTP/1.1" 404 179
"GET /static/admin/js/prepopulate.js HTTP/1.1" 404 179
Not Found: /static/admin/js/vendor/xregexp/xregexp.min.js
"GET /static/admin/js/vendor/xregexp/xregexp.min.js HTTP/1.1" 404 179
Not Found: /static/admin/js/jquery.init.js
"GET /static/admin/js/jquery.init.js HTTP/1.1" 404 179
Not Found: /static/admin/js/prepopulate_init.js
"GET /static/admin/js/prepopulate_init.js HTTP/1.1" 404 179
Not Found: /static/admin/js/nav_sidebar.js
"GET /static/admin/js/nav_sidebar.js HTTP/1.1" 404 179
Not Found: /static/admin/js/change_form.js
"GET /static/admin/js/change_form.js HTTP/1.1" 404 179
"GET /admin/jsi18n/ HTTP/1.1" 200 3342
Not Found: /static/admin/css/responsive.css
"GET /static/admin/css/responsive.css HTTP/1.1" 404 179
"POST /admin/products/category/4/change/ HTTP/1.1" 302 0
"GET /admin/products/category/ HTTP/1.1" 200 14900
Not Found: /static/admin/css/base.css
"GET /static/admin/css/base.css HTTP/1.1" 404 179
Not Found: /static/admin/css/dark_mode.css
"GET /static/admin/css/dark_mode.css HTTP/1.1" 404 179
Not Found: /static/admin/css/nav_sidebar.css
"GET /static/admin/css/nav_sidebar.css HTTP/1.1" 404 179
Not Found: /static/admin/css/changelists.css
"GET /static/admin/css/changelists.css HTTP/1.1" 404 179
Not Found: /static/admin/css/responsive.css
"GET /static/admin/css/responsive.css HTTP/1.1" 404 179
Not Found: /static/admin/js/theme.js
"GET /static/admin/js/theme.js HTTP/1.1" 404 179
Not Found: /static/admin/js/vendor/jquery/jquery.min.js
"GET /static/admin/js/vendor/jquery/jquery.min.js HTTP/1.1" 404 179
Not Found: /static/admin/css/nav_sidebar.css
"GET /static/admin/css/nav_sidebar.css HTTP/1.1" 404 179
Not Found: /static/admin/css/changelists.css
"GET /static/admin/css/changelists.css HTTP/1.1" 404 179
Not Found: /static/admin/js/jquery.init.js
"GET /static/admin/js/jquery.init.js HTTP/1.1" 404 179
Not Found: /static/admin/js/core.js
"GET /static/admin/js/core.js HTTP/1.1" 404 179
Not Found: /static/admin/js/admin/RelatedObjectLookups.js
"GET /static/admin/js/admin/RelatedObjectLookups.js HTTP/1.1" 404 179
Not Found: /static/admin/js/actions.js
"GET /static/admin/js/actions.js HTTP/1.1" 404 179
Not Found: /static/admin/js/urlify.js
"GET /static/admin/js/urlify.js HTTP/1.1" 404 179
Not Found: /static/admin/js/prepopulate.js
"GET /static/admin/js/prepopulate.js HTTP/1.1" 404 179
Not Found: /static/admin/js/vendor/xregexp/xregexp.min.js
Not Found: /static/admin/img/search.svg
"GET /static/admin/js/vendor/xregexp/xregexp.min.js HTTP/1.1" 404 179
"GET /static/admin/img/search.svg HTTP/1.1" 404 179
Not Found: /static/admin/js/nav_sidebar.js
"GET /static/admin/js/nav_sidebar.js HTTP/1.1" 404 179
Not Found: /static/admin/js/filters.js
"GET /static/admin/js/filters.js HTTP/1.1" 404 179
"GET /admin/jsi18n/ HTTP/1.1" 200 3342
Not Found: /static/admin/css/responsive.css
"GET /static/admin/css/responsive.css HTTP/1.1" 404 179
C:\Users\Administrator\OneDrive\Documents\STUDIES\PERSONAL\WEB DEVELOPMENT\PROJECTS\Muindi-Mwesi-app\MM-backend\products\models.py changed, reloading.
Watching for file changes with StatReloader
Watching for file changes with StatReloader
"GET /api/categories/ HTTP/1.1" 200 641
C:\Users\Administrator\OneDrive\Documents\STUDIES\PERSONAL\WEB DEVELOPMENT\PROJECTS\Muindi-Mwesi-app\MM-backend\products\serializers.py changed, reloading.
Watching for file changes with StatReloader
C:\Users\Administrator\OneDrive\Documents\STUDIES\PERSONAL\WEB DEVELOPMENT\PROJECTS\Muindi-Mwesi-app\MM-backend\products\serializers.py changed, reloading.
Watching for file changes with StatReloader
